2019-03-06 17:35:24 [main] INFO  c.s.keepnote.NoteServiceApplication -
				Starting NoteServiceApplication on PC428463 with PID 14860 (D:\MyProject\keepnote-step7-ui-api-integration\KeepNote-Step7-API\NoteService\target\classes started by 742044 in D:\MyProject\keepnote-step7-ui-api-integration\KeepNote-Step7-API\NoteService)
2019-03-06 17:35:24 [main] DEBUG c.s.keepnote.NoteServiceApplication -
				Running with Spring Boot v2.0.2.RELEASE, Spring v5.0.6.RELEASE
2019-03-06 17:35:24 [main] INFO  c.s.keepnote.NoteServiceApplication -
				No active profile set, falling back to default profiles: default
2019-03-06 17:35:24 [main] INFO  o.s.b.w.s.c.AnnotationConfigServletWebServerApplicationContext -
				Refreshing org.springframework.boot.web.servlet.context.AnnotationConfigServletWebServerApplicationContext@3bd82cf5: startup date [Wed Mar 06 17:35:24 IST 2019]; root of context hierarchy
2019-03-06 17:35:25 [main] INFO  o.s.b.w.e.tomcat.TomcatWebServer -
				Tomcat initialized with port(s): 8082 (http)
2019-03-06 17:35:25 [main] INFO  o.a.coyote.http11.Http11NioProtocol -
				Initializing ProtocolHandler ["http-nio-8082"]
2019-03-06 17:35:25 [main] INFO  o.a.catalina.core.StandardService -
				Starting service [Tomcat]
2019-03-06 17:35:25 [main] INFO  o.a.catalina.core.StandardEngine -
				Starting Servlet Engine: Apache Tomcat/8.5.31
2019-03-06 17:35:25 [localhost-startStop-1] INFO  o.a.c.core.AprLifecycleListener -
				The APR based Apache Tomcat Native library which allows optimal performance in production environments was not found on the java.library.path: [C:\Program Files\Java\jre1.8.0_191\bin;C:\WINDOWS\Sun\Java\bin;C:\WINDOWS\system32;C:\WINDOWS;C:/Program Files/Java/jre1.8.0_191/bin/server;C:/Program Files/Java/jre1.8.0_191/bin;C:/Program Files/Java/jre1.8.0_191/lib/amd64;C:\Program Files (x86)\Common Files\Oracle\Java\javapath;C:\ProgramData\Oracle\Java\javapath;C:\WINDOWS\system32;C:\WINDOWS;C:\WINDOWS\System32\Wbem;C:\WINDOWS\System32\WindowsPowerShell\v1.0\;D:\Installables\apache-maven-3.6.0\bin;D:\Installables\spring-2.1.1.RELEASE\bin;C:\Program Files\nodejs\;C:\Program Files\Git\cmd;C:\Python34;C:\Users\742044\AppData\Local\Microsoft\WindowsApps;C:\Users\742044\AppData\Roaming\npm;C:\Users\742044\AppData\Local\Programs\Microsoft VS Code\bin;D:\spring-tool-suite-3.8.3.RELEASE-e4.6.2-win32-x86_64\sts-bundle\sts-3.8.3.RELEASE;;.]
2019-03-06 17:35:26 [localhost-startStop-1] INFO  o.a.c.c.C.[Tomcat].[localhost].[/] -
				Initializing Spring embedded WebApplicationContext
2019-03-06 17:35:26 [localhost-startStop-1] INFO  o.s.web.context.ContextLoader -
				Root WebApplicationContext: initialization completed in 1811 ms
2019-03-06 17:35:26 [localhost-startStop-1] INFO  o.s.b.w.s.FilterRegistrationBean -
				Mapping filter: 'characterEncodingFilter' to: [/*]
2019-03-06 17:35:26 [localhost-startStop-1] INFO  o.s.b.w.s.FilterRegistrationBean -
				Mapping filter: 'hiddenHttpMethodFilter' to: [/*]
2019-03-06 17:35:26 [localhost-startStop-1] INFO  o.s.b.w.s.FilterRegistrationBean -
				Mapping filter: 'httpPutFormContentFilter' to: [/*]
2019-03-06 17:35:26 [localhost-startStop-1] INFO  o.s.b.w.s.FilterRegistrationBean -
				Mapping filter: 'requestContextFilter' to: [/*]
2019-03-06 17:35:26 [localhost-startStop-1] INFO  o.s.b.w.s.FilterRegistrationBean -
				Mapping filter: 'jwtFilter' to urls: [/api/v1/*]
2019-03-06 17:35:26 [localhost-startStop-1] INFO  o.s.b.w.s.ServletRegistrationBean -
				Servlet dispatcherServlet mapped to [/]
2019-03-06 17:35:26 [localhost-startStop-1] DEBUG c.s.keepnote.jwtfilter.JwtFilter -
				Initializing filter 'jwtFilter'
2019-03-06 17:35:26 [localhost-startStop-1] DEBUG c.s.keepnote.jwtfilter.JwtFilter -
				Filter 'jwtFilter' configured successfully
2019-03-06 17:35:26 [main] INFO  org.mongodb.driver.cluster -
				Cluster created with settings {hosts=[localhost:27017], mode=MULTIPLE, requiredClusterType=UNKNOWN, serverSelectionTimeout='30000 ms', maxWaitQueueSize=500}
2019-03-06 17:35:26 [main] INFO  org.mongodb.driver.cluster -
				Adding discovered server localhost:27017 to client view of cluster
2019-03-06 17:35:26 [cluster-ClusterId{value='5c7fb78616ecaa3a0c27a595', description='null'}-localhost:27017] INFO  org.mongodb.driver.connection -
				Opened connection [connectionId{localValue:1, serverValue:52}] to localhost:27017
2019-03-06 17:35:26 [cluster-ClusterId{value='5c7fb78616ecaa3a0c27a595', description='null'}-localhost:27017] INFO  org.mongodb.driver.cluster -
				Monitor thread successfully connected to server with description ServerDescription{address=localhost:27017, type=STANDALONE, state=CONNECTED, ok=true, version=ServerVersion{versionList=[4, 0, 6]}, minWireVersion=0, maxWireVersion=7, maxDocumentSize=16777216, logicalSessionTimeoutMinutes=30, roundTripTimeNanos=1962970}
2019-03-06 17:35:26 [cluster-ClusterId{value='5c7fb78616ecaa3a0c27a595', description='null'}-localhost:27017] INFO  org.mongodb.driver.cluster -
				Discovered cluster type of STANDALONE
2019-03-06 17:35:27 [main] INFO  o.s.w.s.m.m.a.RequestMappingHandlerMapping -
				Mapped "{[/note-service/api/v1/note/{userId}],methods=[GET]}" onto public org.springframework.http.ResponseEntity com.stackroute.keepnote.controller.NoteController.getAllNoteByUserId(java.lang.String)
2019-03-06 17:35:27 [main] INFO  o.s.w.s.m.m.a.RequestMappingHandlerMapping -
				Mapped "{[/note-service/api/v1/note/{userId}/{id}],methods=[PUT]}" onto public org.springframework.http.ResponseEntity com.stackroute.keepnote.controller.NoteController.updateNote(java.lang.String,int,com.stackroute.keepnote.model.Note)
2019-03-06 17:35:27 [main] INFO  o.s.w.s.m.m.a.RequestMappingHandlerMapping -
				Mapped "{[/note-service/api/v1/note/{userId}],methods=[DELETE]}" onto public org.springframework.http.ResponseEntity com.stackroute.keepnote.controller.NoteController.deleteAllNotes(java.lang.String)
2019-03-06 17:35:27 [main] INFO  o.s.w.s.m.m.a.RequestMappingHandlerMapping -
				Mapped "{[/note-service/api/v1/note/{userId}/{id}],methods=[DELETE]}" onto public org.springframework.http.ResponseEntity com.stackroute.keepnote.controller.NoteController.deleteNote(java.lang.String,int)
2019-03-06 17:35:27 [main] INFO  o.s.w.s.m.m.a.RequestMappingHandlerMapping -
				Mapped "{[/note-service/api/v1/note],methods=[POST]}" onto public org.springframework.http.ResponseEntity com.stackroute.keepnote.controller.NoteController.addNote(com.stackroute.keepnote.model.Note)
2019-03-06 17:35:27 [main] INFO  o.s.w.s.m.m.a.RequestMappingHandlerMapping -
				Mapped "{[/note-service/api/v1/note/{userId}/{noteId}],methods=[GET]}" onto public org.springframework.http.ResponseEntity com.stackroute.keepnote.controller.NoteController.getNoteById(java.lang.String,int)
2019-03-06 17:35:27 [main] INFO  o.s.w.s.m.m.a.RequestMappingHandlerMapping -
				Mapped "{[/note-service/api/v1/note],methods=[GET]}" onto public java.lang.String com.stackroute.keepnote.controller.NoteController.swaggerUi()
2019-03-06 17:35:27 [main] INFO  o.s.w.s.m.m.a.RequestMappingHandlerMapping -
				Mapped "{[/swagger-resources]}" onto public org.springframework.http.ResponseEntity<java.util.List<springfox.documentation.swagger.web.SwaggerResource>> springfox.documentation.swagger.web.ApiResourceController.swaggerResources()
2019-03-06 17:35:27 [main] INFO  o.s.w.s.m.m.a.RequestMappingHandlerMapping -
				Mapped "{[/swagger-resources/configuration/ui]}" onto public org.springframework.http.ResponseEntity<springfox.documentation.swagger.web.UiConfiguration> springfox.documentation.swagger.web.ApiResourceController.uiConfiguration()
2019-03-06 17:35:27 [main] INFO  o.s.w.s.m.m.a.RequestMappingHandlerMapping -
				Mapped "{[/swagger-resources/configuration/security]}" onto public org.springframework.http.ResponseEntity<springfox.documentation.swagger.web.SecurityConfiguration> springfox.documentation.swagger.web.ApiResourceController.securityConfiguration()
2019-03-06 17:35:27 [main] INFO  o.s.w.s.m.m.a.RequestMappingHandlerMapping -
				Mapped "{[/error]}" onto public org.springframework.http.ResponseEntity<java.util.Map<java.lang.String, java.lang.Object>> org.springframework.boot.autoconfigure.web.servlet.error.BasicErrorController.error(javax.servlet.http.HttpServletRequest)
2019-03-06 17:35:27 [main] INFO  o.s.w.s.m.m.a.RequestMappingHandlerMapping -
				Mapped "{[/error],produces=[text/html]}" onto public org.springframework.web.servlet.ModelAndView org.springframework.boot.autoconfigure.web.servlet.error.BasicErrorController.errorHtml(javax.servlet.http.HttpServletRequest,javax.servlet.http.HttpServletResponse)
2019-03-06 17:35:27 [main] INFO  s.d.s.w.PropertySourcedRequestMappingHandlerMapping -
				Mapped URL path [/v2/api-docs] onto method [public org.springframework.http.ResponseEntity<springfox.documentation.spring.web.json.Json> springfox.documentation.swagger2.web.Swagger2Controller.getDocumentation(java.lang.String,javax.servlet.http.HttpServletRequest)]
2019-03-06 17:35:27 [main] INFO  o.s.w.s.h.SimpleUrlHandlerMapping -
				Mapped URL path [/**/favicon.ico] onto handler of type [class org.springframework.web.servlet.resource.ResourceHttpRequestHandler]
2019-03-06 17:35:27 [main] INFO  o.s.w.s.m.m.a.RequestMappingHandlerAdapter -
				Looking for @ControllerAdvice: org.springframework.boot.web.servlet.context.AnnotationConfigServletWebServerApplicationContext@3bd82cf5: startup date [Wed Mar 06 17:35:24 IST 2019]; root of context hierarchy
2019-03-06 17:35:27 [main] INFO  o.s.w.s.h.SimpleUrlHandlerMapping -
				Mapped URL path [/webjars/**] onto handler of type [class org.springframework.web.servlet.resource.ResourceHttpRequestHandler]
2019-03-06 17:35:27 [main] INFO  o.s.w.s.h.SimpleUrlHandlerMapping -
				Mapped URL path [/**] onto handler of type [class org.springframework.web.servlet.resource.ResourceHttpRequestHandler]
2019-03-06 17:35:27 [main] INFO  o.s.j.e.a.AnnotationMBeanExporter -
				Registering beans for JMX exposure on startup
2019-03-06 17:35:27 [main] INFO  o.s.c.s.DefaultLifecycleProcessor -
				Starting beans in phase 2147483647
2019-03-06 17:35:27 [main] INFO  s.d.s.w.p.DocumentationPluginsBootstrapper -
				Context refreshed
2019-03-06 17:35:27 [main] INFO  s.d.s.w.p.DocumentationPluginsBootstrapper -
				Found 1 custom documentation plugin(s)
2019-03-06 17:35:27 [main] INFO  s.d.s.w.s.ApiListingReferenceScanner -
				Scanning for api listing references
2019-03-06 17:35:27 [main] INFO  o.a.coyote.http11.Http11NioProtocol -
				Starting ProtocolHandler ["http-nio-8082"]
2019-03-06 17:35:27 [main] INFO  o.a.tomcat.util.net.NioSelectorPool -
				Using a shared selector for servlet write/read
2019-03-06 17:35:27 [main] INFO  o.s.b.w.e.tomcat.TomcatWebServer -
				Tomcat started on port(s): 8082 (http) with context path ''
2019-03-06 17:35:27 [main] INFO  c.s.keepnote.NoteServiceApplication -
				Started NoteServiceApplication in 4.044 seconds (JVM running for 4.661)
2019-03-06 17:35:38 [http-nio-8082-exec-1] INFO  o.a.c.c.C.[Tomcat].[localhost].[/] -
				Initializing Spring FrameworkServlet 'dispatcherServlet'
2019-03-06 17:35:38 [http-nio-8082-exec-1] INFO  o.s.web.servlet.DispatcherServlet -
				FrameworkServlet 'dispatcherServlet': initialization started
2019-03-06 17:35:38 [http-nio-8082-exec-1] INFO  o.s.web.servlet.DispatcherServlet -
				FrameworkServlet 'dispatcherServlet': initialization completed in 39 ms
2019-03-06 17:35:38 [http-nio-8082-exec-1] INFO  c.s.keepnote.aspectj.LoggingAspect -
				************Note Aspect @Before ************
2019-03-06 17:35:38 [http-nio-8082-exec-1] DEBUG c.s.keepnote.aspectj.LoggingAspect -
				Method Name : getAllNoteByUserId
2019-03-06 17:35:38 [http-nio-8082-exec-1] DEBUG c.s.keepnote.aspectj.LoggingAspect -
				Method Args : [raviegp@gmail.com]
2019-03-06 17:35:38 [http-nio-8082-exec-1] INFO  c.s.keepnote.aspectj.LoggingAspect -
				*********************************
2019-03-06 17:35:38 [http-nio-8082-exec-1] INFO  c.s.k.controller.NoteController -
				getAllNoteByUserId : STARTED 
2019-03-06 17:35:38 [http-nio-8082-exec-1] INFO  org.mongodb.driver.connection -
				Opened connection [connectionId{localValue:2, serverValue:53}] to localhost:27017
2019-03-06 17:35:38 [http-nio-8082-exec-1] INFO  c.s.keepnote.aspectj.LoggingAspect -
				************Note Aspect @After ************
2019-03-06 17:35:38 [http-nio-8082-exec-1] DEBUG c.s.keepnote.aspectj.LoggingAspect -
				Method Name : getAllNoteByUserId
2019-03-06 17:35:38 [http-nio-8082-exec-1] DEBUG c.s.keepnote.aspectj.LoggingAspect -
				Method Args : [raviegp@gmail.com]
2019-03-06 17:35:38 [http-nio-8082-exec-1] INFO  c.s.keepnote.aspectj.LoggingAspect -
				*********************************
2019-03-06 17:35:38 [http-nio-8082-exec-1] INFO  c.s.keepnote.aspectj.LoggingAspect -
				************Note Aspect @AfterReturning ************
2019-03-06 17:35:38 [http-nio-8082-exec-1] DEBUG c.s.keepnote.aspectj.LoggingAspect -
				Method Name : getAllNoteByUserId
2019-03-06 17:35:38 [http-nio-8082-exec-1] DEBUG c.s.keepnote.aspectj.LoggingAspect -
				Method arguments : [raviegp@gmail.com]
2019-03-06 17:35:38 [http-nio-8082-exec-1] DEBUG c.s.keepnote.aspectj.LoggingAspect -
				Return Value: <200 OK,[Note{id=1, noteTitle='Note - 1', noteDescription='Note - 1 Desc', noteStatus='null', noteCreationDate=Wed Mar 06 17:08:52 IST 2019, noteCreatedBy='raviegp@gmail.com', category=null, reminders=null}, Note{id=2, noteTitle='Note - 2', noteDescription='Note - 2 Desc', noteStatus='null', noteCreationDate=Wed Mar 06 17:09:04 IST 2019, noteCreatedBy='raviegp@gmail.com', category=null, reminders=null}, Note{id=3, noteTitle='wqer', noteDescription='qwer', noteStatus='null', noteCreationDate=Wed Mar 06 17:23:49 IST 2019, noteCreatedBy='raviegp@gmail.com', category=null, reminders=null}],{}>
2019-03-06 17:35:38 [http-nio-8082-exec-1] INFO  c.s.keepnote.aspectj.LoggingAspect -
				*****************************************
2019-03-06 17:35:52 [http-nio-8082-exec-2] INFO  c.s.keepnote.aspectj.LoggingAspect -
				************Note Aspect @Before ************
2019-03-06 17:35:52 [http-nio-8082-exec-2] DEBUG c.s.keepnote.aspectj.LoggingAspect -
				Method Name : getAllNoteByUserId
2019-03-06 17:35:52 [http-nio-8082-exec-2] DEBUG c.s.keepnote.aspectj.LoggingAspect -
				Method Args : [rv@gmail.com]
2019-03-06 17:35:52 [http-nio-8082-exec-2] INFO  c.s.keepnote.aspectj.LoggingAspect -
				*********************************
2019-03-06 17:35:52 [http-nio-8082-exec-2] INFO  c.s.k.controller.NoteController -
				getAllNoteByUserId : STARTED 
2019-03-06 17:35:52 [http-nio-8082-exec-2] INFO  c.s.keepnote.aspectj.LoggingAspect -
				************Note Aspect @After ************
2019-03-06 17:35:52 [http-nio-8082-exec-2] DEBUG c.s.keepnote.aspectj.LoggingAspect -
				Method Name : getAllNoteByUserId
2019-03-06 17:35:52 [http-nio-8082-exec-2] DEBUG c.s.keepnote.aspectj.LoggingAspect -
				Method Args : [rv@gmail.com]
2019-03-06 17:35:52 [http-nio-8082-exec-2] INFO  c.s.keepnote.aspectj.LoggingAspect -
				*********************************
2019-03-06 17:35:52 [http-nio-8082-exec-2] INFO  c.s.keepnote.aspectj.LoggingAspect -
				************Note Aspect @AfterReturning ************
2019-03-06 17:35:52 [http-nio-8082-exec-2] DEBUG c.s.keepnote.aspectj.LoggingAspect -
				Method Name : getAllNoteByUserId
2019-03-06 17:35:52 [http-nio-8082-exec-2] DEBUG c.s.keepnote.aspectj.LoggingAspect -
				Method arguments : [rv@gmail.com]
2019-03-06 17:35:52 [http-nio-8082-exec-2] DEBUG c.s.keepnote.aspectj.LoggingAspect -
				Return Value: <200 OK,[],{}>
2019-03-06 17:35:52 [http-nio-8082-exec-2] INFO  c.s.keepnote.aspectj.LoggingAspect -
				*****************************************
2019-03-06 17:36:00 [http-nio-8082-exec-4] INFO  c.s.keepnote.aspectj.LoggingAspect -
				************Note Aspect @Before ************
2019-03-06 17:36:00 [http-nio-8082-exec-4] DEBUG c.s.keepnote.aspectj.LoggingAspect -
				Method Name : addNote
2019-03-06 17:36:00 [http-nio-8082-exec-4] DEBUG c.s.keepnote.aspectj.LoggingAspect -
				Method Args : [Note{id=498300, noteTitle='n1', noteDescription='n21', noteStatus='null', noteCreationDate=null, noteCreatedBy='rv@gmail.com', category=null, reminders=null}]
2019-03-06 17:36:00 [http-nio-8082-exec-4] INFO  c.s.keepnote.aspectj.LoggingAspect -
				*********************************
2019-03-06 17:36:00 [http-nio-8082-exec-4] INFO  c.s.k.controller.NoteController -
				createNote : STARTED 
2019-03-06 17:36:00 [http-nio-8082-exec-4] INFO  c.s.k.controller.NoteController -
				Note created successfully..... 
2019-03-06 17:36:00 [http-nio-8082-exec-4] INFO  c.s.keepnote.aspectj.LoggingAspect -
				************Note Aspect @After ************
2019-03-06 17:36:00 [http-nio-8082-exec-4] DEBUG c.s.keepnote.aspectj.LoggingAspect -
				Method Name : addNote
2019-03-06 17:36:00 [http-nio-8082-exec-4] DEBUG c.s.keepnote.aspectj.LoggingAspect -
				Method Args : [Note{id=498300, noteTitle='n1', noteDescription='n21', noteStatus='null', noteCreationDate=Wed Mar 06 17:36:00 IST 2019, noteCreatedBy='rv@gmail.com', category=null, reminders=null}]
2019-03-06 17:36:00 [http-nio-8082-exec-4] INFO  c.s.keepnote.aspectj.LoggingAspect -
				*********************************
2019-03-06 17:36:00 [http-nio-8082-exec-4] INFO  c.s.keepnote.aspectj.LoggingAspect -
				************Note Aspect @AfterReturning ************
2019-03-06 17:36:00 [http-nio-8082-exec-4] DEBUG c.s.keepnote.aspectj.LoggingAspect -
				Method Name : addNote
2019-03-06 17:36:00 [http-nio-8082-exec-4] DEBUG c.s.keepnote.aspectj.LoggingAspect -
				Method arguments : [Note{id=498300, noteTitle='n1', noteDescription='n21', noteStatus='null', noteCreationDate=Wed Mar 06 17:36:00 IST 2019, noteCreatedBy='rv@gmail.com', category=null, reminders=null}]
2019-03-06 17:36:00 [http-nio-8082-exec-4] DEBUG c.s.keepnote.aspectj.LoggingAspect -
				Return Value: <201 Created,Note{id=498300, noteTitle='n1', noteDescription='n21', noteStatus='null', noteCreationDate=Wed Mar 06 17:36:00 IST 2019, noteCreatedBy='rv@gmail.com', category=null, reminders=null},{}>
2019-03-06 17:36:00 [http-nio-8082-exec-4] INFO  c.s.keepnote.aspectj.LoggingAspect -
				*****************************************
2019-03-06 17:36:16 [http-nio-8082-exec-5] INFO  c.s.keepnote.aspectj.LoggingAspect -
				************Note Aspect @Before ************
2019-03-06 17:36:16 [http-nio-8082-exec-5] DEBUG c.s.keepnote.aspectj.LoggingAspect -
				Method Name : getAllNoteByUserId
2019-03-06 17:36:16 [http-nio-8082-exec-5] DEBUG c.s.keepnote.aspectj.LoggingAspect -
				Method Args : [raviegp@gmail.com]
2019-03-06 17:36:16 [http-nio-8082-exec-5] INFO  c.s.keepnote.aspectj.LoggingAspect -
				*********************************
2019-03-06 17:36:16 [http-nio-8082-exec-5] INFO  c.s.k.controller.NoteController -
				getAllNoteByUserId : STARTED 
2019-03-06 17:36:16 [http-nio-8082-exec-5] INFO  c.s.keepnote.aspectj.LoggingAspect -
				************Note Aspect @After ************
2019-03-06 17:36:16 [http-nio-8082-exec-5] DEBUG c.s.keepnote.aspectj.LoggingAspect -
				Method Name : getAllNoteByUserId
2019-03-06 17:36:16 [http-nio-8082-exec-5] DEBUG c.s.keepnote.aspectj.LoggingAspect -
				Method Args : [raviegp@gmail.com]
2019-03-06 17:36:16 [http-nio-8082-exec-5] INFO  c.s.keepnote.aspectj.LoggingAspect -
				*********************************
2019-03-06 17:36:16 [http-nio-8082-exec-5] INFO  c.s.keepnote.aspectj.LoggingAspect -
				************Note Aspect @AfterReturning ************
2019-03-06 17:36:16 [http-nio-8082-exec-5] DEBUG c.s.keepnote.aspectj.LoggingAspect -
				Method Name : getAllNoteByUserId
2019-03-06 17:36:16 [http-nio-8082-exec-5] DEBUG c.s.keepnote.aspectj.LoggingAspect -
				Method arguments : [raviegp@gmail.com]
2019-03-06 17:36:16 [http-nio-8082-exec-5] DEBUG c.s.keepnote.aspectj.LoggingAspect -
				Return Value: <200 OK,[Note{id=1, noteTitle='Note - 1', noteDescription='Note - 1 Desc', noteStatus='null', noteCreationDate=Wed Mar 06 17:08:52 IST 2019, noteCreatedBy='raviegp@gmail.com', category=null, reminders=null}, Note{id=2, noteTitle='Note - 2', noteDescription='Note - 2 Desc', noteStatus='null', noteCreationDate=Wed Mar 06 17:09:04 IST 2019, noteCreatedBy='raviegp@gmail.com', category=null, reminders=null}, Note{id=3, noteTitle='wqer', noteDescription='qwer', noteStatus='null', noteCreationDate=Wed Mar 06 17:23:49 IST 2019, noteCreatedBy='raviegp@gmail.com', category=null, reminders=null}],{}>
2019-03-06 17:36:16 [http-nio-8082-exec-5] INFO  c.s.keepnote.aspectj.LoggingAspect -
				*****************************************
2019-03-06 17:36:32 [http-nio-8082-exec-6] INFO  c.s.keepnote.aspectj.LoggingAspect -
				************Note Aspect @Before ************
2019-03-06 17:36:32 [http-nio-8082-exec-6] DEBUG c.s.keepnote.aspectj.LoggingAspect -
				Method Name : getAllNoteByUserId
2019-03-06 17:36:32 [http-nio-8082-exec-6] DEBUG c.s.keepnote.aspectj.LoggingAspect -
				Method Args : [raviegp@gmail.com]
2019-03-06 17:36:32 [http-nio-8082-exec-6] INFO  c.s.keepnote.aspectj.LoggingAspect -
				*********************************
2019-03-06 17:36:32 [http-nio-8082-exec-6] INFO  c.s.k.controller.NoteController -
				getAllNoteByUserId : STARTED 
2019-03-06 17:36:32 [http-nio-8082-exec-6] INFO  c.s.keepnote.aspectj.LoggingAspect -
				************Note Aspect @After ************
2019-03-06 17:36:32 [http-nio-8082-exec-6] DEBUG c.s.keepnote.aspectj.LoggingAspect -
				Method Name : getAllNoteByUserId
2019-03-06 17:36:32 [http-nio-8082-exec-6] DEBUG c.s.keepnote.aspectj.LoggingAspect -
				Method Args : [raviegp@gmail.com]
2019-03-06 17:36:32 [http-nio-8082-exec-6] INFO  c.s.keepnote.aspectj.LoggingAspect -
				*********************************
2019-03-06 17:36:32 [http-nio-8082-exec-6] INFO  c.s.keepnote.aspectj.LoggingAspect -
				************Note Aspect @AfterReturning ************
2019-03-06 17:36:32 [http-nio-8082-exec-6] DEBUG c.s.keepnote.aspectj.LoggingAspect -
				Method Name : getAllNoteByUserId
2019-03-06 17:36:32 [http-nio-8082-exec-6] DEBUG c.s.keepnote.aspectj.LoggingAspect -
				Method arguments : [raviegp@gmail.com]
2019-03-06 17:36:32 [http-nio-8082-exec-6] DEBUG c.s.keepnote.aspectj.LoggingAspect -
				Return Value: <200 OK,[Note{id=1, noteTitle='Note - 1', noteDescription='Note - 1 Desc', noteStatus='null', noteCreationDate=Wed Mar 06 17:08:52 IST 2019, noteCreatedBy='raviegp@gmail.com', category=null, reminders=null}, Note{id=2, noteTitle='Note - 2', noteDescription='Note - 2 Desc', noteStatus='null', noteCreationDate=Wed Mar 06 17:09:04 IST 2019, noteCreatedBy='raviegp@gmail.com', category=null, reminders=null}, Note{id=3, noteTitle='wqer', noteDescription='qwer', noteStatus='null', noteCreationDate=Wed Mar 06 17:23:49 IST 2019, noteCreatedBy='raviegp@gmail.com', category=null, reminders=null}],{}>
2019-03-06 17:36:32 [http-nio-8082-exec-6] INFO  c.s.keepnote.aspectj.LoggingAspect -
				*****************************************
2019-03-06 17:37:57 [http-nio-8082-exec-8] INFO  c.s.keepnote.aspectj.LoggingAspect -
				************Note Aspect @Before ************
2019-03-06 17:37:57 [http-nio-8082-exec-8] DEBUG c.s.keepnote.aspectj.LoggingAspect -
				Method Name : getAllNoteByUserId
2019-03-06 17:37:57 [http-nio-8082-exec-8] DEBUG c.s.keepnote.aspectj.LoggingAspect -
				Method Args : [raviegp@gmail.com]
2019-03-06 17:37:57 [http-nio-8082-exec-8] INFO  c.s.keepnote.aspectj.LoggingAspect -
				*********************************
2019-03-06 17:37:57 [http-nio-8082-exec-8] INFO  c.s.k.controller.NoteController -
				getAllNoteByUserId : STARTED 
2019-03-06 17:37:57 [http-nio-8082-exec-8] INFO  c.s.keepnote.aspectj.LoggingAspect -
				************Note Aspect @After ************
2019-03-06 17:37:57 [http-nio-8082-exec-8] DEBUG c.s.keepnote.aspectj.LoggingAspect -
				Method Name : getAllNoteByUserId
2019-03-06 17:37:57 [http-nio-8082-exec-8] DEBUG c.s.keepnote.aspectj.LoggingAspect -
				Method Args : [raviegp@gmail.com]
2019-03-06 17:37:57 [http-nio-8082-exec-8] INFO  c.s.keepnote.aspectj.LoggingAspect -
				*********************************
2019-03-06 17:37:57 [http-nio-8082-exec-8] INFO  c.s.keepnote.aspectj.LoggingAspect -
				************Note Aspect @AfterReturning ************
2019-03-06 17:37:57 [http-nio-8082-exec-8] DEBUG c.s.keepnote.aspectj.LoggingAspect -
				Method Name : getAllNoteByUserId
2019-03-06 17:37:57 [http-nio-8082-exec-8] DEBUG c.s.keepnote.aspectj.LoggingAspect -
				Method arguments : [raviegp@gmail.com]
2019-03-06 17:37:57 [http-nio-8082-exec-8] DEBUG c.s.keepnote.aspectj.LoggingAspect -
				Return Value: <200 OK,[Note{id=1, noteTitle='Note - 1', noteDescription='Note - 1 Desc', noteStatus='null', noteCreationDate=Wed Mar 06 17:08:52 IST 2019, noteCreatedBy='raviegp@gmail.com', category=null, reminders=null}, Note{id=2, noteTitle='Note - 2', noteDescription='Note - 2 Desc', noteStatus='null', noteCreationDate=Wed Mar 06 17:09:04 IST 2019, noteCreatedBy='raviegp@gmail.com', category=null, reminders=null}, Note{id=3, noteTitle='wqer', noteDescription='qwer', noteStatus='null', noteCreationDate=Wed Mar 06 17:23:49 IST 2019, noteCreatedBy='raviegp@gmail.com', category=null, reminders=null}],{}>
2019-03-06 17:37:57 [http-nio-8082-exec-8] INFO  c.s.keepnote.aspectj.LoggingAspect -
				*****************************************
2019-03-06 17:39:24 [http-nio-8082-exec-10] INFO  c.s.keepnote.aspectj.LoggingAspect -
				************Note Aspect @Before ************
2019-03-06 17:39:24 [http-nio-8082-exec-10] DEBUG c.s.keepnote.aspectj.LoggingAspect -
				Method Name : getAllNoteByUserId
2019-03-06 17:39:24 [http-nio-8082-exec-10] DEBUG c.s.keepnote.aspectj.LoggingAspect -
				Method Args : [raviegp@gmail.com]
2019-03-06 17:39:24 [http-nio-8082-exec-10] INFO  c.s.keepnote.aspectj.LoggingAspect -
				*********************************
2019-03-06 17:39:24 [http-nio-8082-exec-10] INFO  c.s.k.controller.NoteController -
				getAllNoteByUserId : STARTED 
2019-03-06 17:39:24 [http-nio-8082-exec-10] INFO  c.s.keepnote.aspectj.LoggingAspect -
				************Note Aspect @After ************
2019-03-06 17:39:24 [http-nio-8082-exec-10] DEBUG c.s.keepnote.aspectj.LoggingAspect -
				Method Name : getAllNoteByUserId
2019-03-06 17:39:24 [http-nio-8082-exec-10] DEBUG c.s.keepnote.aspectj.LoggingAspect -
				Method Args : [raviegp@gmail.com]
2019-03-06 17:39:24 [http-nio-8082-exec-10] INFO  c.s.keepnote.aspectj.LoggingAspect -
				*********************************
2019-03-06 17:39:24 [http-nio-8082-exec-10] INFO  c.s.keepnote.aspectj.LoggingAspect -
				************Note Aspect @AfterReturning ************
2019-03-06 17:39:24 [http-nio-8082-exec-10] DEBUG c.s.keepnote.aspectj.LoggingAspect -
				Method Name : getAllNoteByUserId
2019-03-06 17:39:24 [http-nio-8082-exec-10] DEBUG c.s.keepnote.aspectj.LoggingAspect -
				Method arguments : [raviegp@gmail.com]
2019-03-06 17:39:24 [http-nio-8082-exec-10] DEBUG c.s.keepnote.aspectj.LoggingAspect -
				Return Value: <200 OK,[Note{id=1, noteTitle='Note - 1', noteDescription='Note - 1 Desc', noteStatus='null', noteCreationDate=Wed Mar 06 17:08:52 IST 2019, noteCreatedBy='raviegp@gmail.com', category=null, reminders=null}, Note{id=2, noteTitle='Note - 2', noteDescription='Note - 2 Desc', noteStatus='null', noteCreationDate=Wed Mar 06 17:09:04 IST 2019, noteCreatedBy='raviegp@gmail.com', category=null, reminders=null}, Note{id=3, noteTitle='wqer', noteDescription='qwer', noteStatus='null', noteCreationDate=Wed Mar 06 17:23:49 IST 2019, noteCreatedBy='raviegp@gmail.com', category=null, reminders=null}],{}>
2019-03-06 17:39:24 [http-nio-8082-exec-10] INFO  c.s.keepnote.aspectj.LoggingAspect -
				*****************************************
2019-03-06 17:39:37 [http-nio-8082-exec-2] INFO  c.s.keepnote.aspectj.LoggingAspect -
				************Note Aspect @Before ************
2019-03-06 17:39:37 [http-nio-8082-exec-2] DEBUG c.s.keepnote.aspectj.LoggingAspect -
				Method Name : getAllNoteByUserId
2019-03-06 17:39:37 [http-nio-8082-exec-2] DEBUG c.s.keepnote.aspectj.LoggingAspect -
				Method Args : [rv@gmail.com]
2019-03-06 17:39:37 [http-nio-8082-exec-2] INFO  c.s.keepnote.aspectj.LoggingAspect -
				*********************************
2019-03-06 17:39:37 [http-nio-8082-exec-2] INFO  c.s.k.controller.NoteController -
				getAllNoteByUserId : STARTED 
2019-03-06 17:39:37 [http-nio-8082-exec-2] INFO  c.s.keepnote.aspectj.LoggingAspect -
				************Note Aspect @After ************
2019-03-06 17:39:37 [http-nio-8082-exec-2] DEBUG c.s.keepnote.aspectj.LoggingAspect -
				Method Name : getAllNoteByUserId
2019-03-06 17:39:37 [http-nio-8082-exec-2] DEBUG c.s.keepnote.aspectj.LoggingAspect -
				Method Args : [rv@gmail.com]
2019-03-06 17:39:37 [http-nio-8082-exec-2] INFO  c.s.keepnote.aspectj.LoggingAspect -
				*********************************
2019-03-06 17:39:37 [http-nio-8082-exec-2] INFO  c.s.keepnote.aspectj.LoggingAspect -
				************Note Aspect @AfterReturning ************
2019-03-06 17:39:37 [http-nio-8082-exec-2] DEBUG c.s.keepnote.aspectj.LoggingAspect -
				Method Name : getAllNoteByUserId
2019-03-06 17:39:37 [http-nio-8082-exec-2] DEBUG c.s.keepnote.aspectj.LoggingAspect -
				Method arguments : [rv@gmail.com]
2019-03-06 17:39:37 [http-nio-8082-exec-2] DEBUG c.s.keepnote.aspectj.LoggingAspect -
				Return Value: <200 OK,[Note{id=498300, noteTitle='n1', noteDescription='n21', noteStatus='null', noteCreationDate=Wed Mar 06 17:36:00 IST 2019, noteCreatedBy='rv@gmail.com', category=null, reminders=null}],{}>
2019-03-06 17:39:37 [http-nio-8082-exec-2] INFO  c.s.keepnote.aspectj.LoggingAspect -
				*****************************************
2019-03-06 17:40:38 [http-nio-8082-exec-4] INFO  c.s.keepnote.aspectj.LoggingAspect -
				************Note Aspect @Before ************
2019-03-06 17:40:38 [http-nio-8082-exec-4] DEBUG c.s.keepnote.aspectj.LoggingAspect -
				Method Name : getAllNoteByUserId
2019-03-06 17:40:38 [http-nio-8082-exec-4] DEBUG c.s.keepnote.aspectj.LoggingAspect -
				Method Args : [raviegp@gmail.com]
2019-03-06 17:40:38 [http-nio-8082-exec-4] INFO  c.s.keepnote.aspectj.LoggingAspect -
				*********************************
2019-03-06 17:40:38 [http-nio-8082-exec-4] INFO  c.s.k.controller.NoteController -
				getAllNoteByUserId : STARTED 
2019-03-06 17:40:38 [http-nio-8082-exec-4] INFO  c.s.keepnote.aspectj.LoggingAspect -
				************Note Aspect @After ************
2019-03-06 17:40:38 [http-nio-8082-exec-4] DEBUG c.s.keepnote.aspectj.LoggingAspect -
				Method Name : getAllNoteByUserId
2019-03-06 17:40:38 [http-nio-8082-exec-4] DEBUG c.s.keepnote.aspectj.LoggingAspect -
				Method Args : [raviegp@gmail.com]
2019-03-06 17:40:38 [http-nio-8082-exec-4] INFO  c.s.keepnote.aspectj.LoggingAspect -
				*********************************
2019-03-06 17:40:38 [http-nio-8082-exec-4] INFO  c.s.keepnote.aspectj.LoggingAspect -
				************Note Aspect @AfterReturning ************
2019-03-06 17:40:38 [http-nio-8082-exec-4] DEBUG c.s.keepnote.aspectj.LoggingAspect -
				Method Name : getAllNoteByUserId
2019-03-06 17:40:38 [http-nio-8082-exec-4] DEBUG c.s.keepnote.aspectj.LoggingAspect -
				Method arguments : [raviegp@gmail.com]
2019-03-06 17:40:38 [http-nio-8082-exec-4] DEBUG c.s.keepnote.aspectj.LoggingAspect -
				Return Value: <200 OK,[],{}>
2019-03-06 17:40:38 [http-nio-8082-exec-4] INFO  c.s.keepnote.aspectj.LoggingAspect -
				*****************************************
2019-03-06 17:40:56 [http-nio-8082-exec-6] INFO  c.s.keepnote.aspectj.LoggingAspect -
				************Note Aspect @Before ************
2019-03-06 17:40:56 [http-nio-8082-exec-6] DEBUG c.s.keepnote.aspectj.LoggingAspect -
				Method Name : addNote
2019-03-06 17:40:56 [http-nio-8082-exec-6] DEBUG c.s.keepnote.aspectj.LoggingAspect -
				Method Args : [Note{id=421250, noteTitle='n1', noteDescription='n1', noteStatus='null', noteCreationDate=null, noteCreatedBy='raviegp@gmail.com', category=null, reminders=null}]
2019-03-06 17:40:56 [http-nio-8082-exec-6] INFO  c.s.keepnote.aspectj.LoggingAspect -
				*********************************
2019-03-06 17:40:56 [http-nio-8082-exec-6] INFO  c.s.k.controller.NoteController -
				createNote : STARTED 
2019-03-06 17:40:56 [http-nio-8082-exec-6] INFO  c.s.k.controller.NoteController -
				Note created successfully..... 
2019-03-06 17:40:56 [http-nio-8082-exec-6] INFO  c.s.keepnote.aspectj.LoggingAspect -
				************Note Aspect @After ************
2019-03-06 17:40:56 [http-nio-8082-exec-6] DEBUG c.s.keepnote.aspectj.LoggingAspect -
				Method Name : addNote
2019-03-06 17:40:56 [http-nio-8082-exec-6] DEBUG c.s.keepnote.aspectj.LoggingAspect -
				Method Args : [Note{id=421250, noteTitle='n1', noteDescription='n1', noteStatus='null', noteCreationDate=Wed Mar 06 17:40:56 IST 2019, noteCreatedBy='raviegp@gmail.com', category=null, reminders=null}]
2019-03-06 17:40:56 [http-nio-8082-exec-6] INFO  c.s.keepnote.aspectj.LoggingAspect -
				*********************************
2019-03-06 17:40:56 [http-nio-8082-exec-6] INFO  c.s.keepnote.aspectj.LoggingAspect -
				************Note Aspect @AfterReturning ************
2019-03-06 17:40:56 [http-nio-8082-exec-6] DEBUG c.s.keepnote.aspectj.LoggingAspect -
				Method Name : addNote
2019-03-06 17:40:56 [http-nio-8082-exec-6] DEBUG c.s.keepnote.aspectj.LoggingAspect -
				Method arguments : [Note{id=421250, noteTitle='n1', noteDescription='n1', noteStatus='null', noteCreationDate=Wed Mar 06 17:40:56 IST 2019, noteCreatedBy='raviegp@gmail.com', category=null, reminders=null}]
2019-03-06 17:40:56 [http-nio-8082-exec-6] DEBUG c.s.keepnote.aspectj.LoggingAspect -
				Return Value: <201 Created,Note{id=421250, noteTitle='n1', noteDescription='n1', noteStatus='null', noteCreationDate=Wed Mar 06 17:40:56 IST 2019, noteCreatedBy='raviegp@gmail.com', category=null, reminders=null},{}>
2019-03-06 17:40:56 [http-nio-8082-exec-6] INFO  c.s.keepnote.aspectj.LoggingAspect -
				*****************************************
2019-03-06 17:41:20 [http-nio-8082-exec-8] INFO  c.s.keepnote.aspectj.LoggingAspect -
				************Note Aspect @Before ************
2019-03-06 17:41:20 [http-nio-8082-exec-8] DEBUG c.s.keepnote.aspectj.LoggingAspect -
				Method Name : getAllNoteByUserId
2019-03-06 17:41:20 [http-nio-8082-exec-8] DEBUG c.s.keepnote.aspectj.LoggingAspect -
				Method Args : [rv@gmail.com]
2019-03-06 17:41:20 [http-nio-8082-exec-8] INFO  c.s.keepnote.aspectj.LoggingAspect -
				*********************************
2019-03-06 17:41:20 [http-nio-8082-exec-8] INFO  c.s.k.controller.NoteController -
				getAllNoteByUserId : STARTED 
2019-03-06 17:41:20 [http-nio-8082-exec-8] INFO  c.s.keepnote.aspectj.LoggingAspect -
				************Note Aspect @After ************
2019-03-06 17:41:20 [http-nio-8082-exec-8] DEBUG c.s.keepnote.aspectj.LoggingAspect -
				Method Name : getAllNoteByUserId
2019-03-06 17:41:20 [http-nio-8082-exec-8] DEBUG c.s.keepnote.aspectj.LoggingAspect -
				Method Args : [rv@gmail.com]
2019-03-06 17:41:20 [http-nio-8082-exec-8] INFO  c.s.keepnote.aspectj.LoggingAspect -
				*********************************
2019-03-06 17:41:20 [http-nio-8082-exec-8] INFO  c.s.keepnote.aspectj.LoggingAspect -
				************Note Aspect @AfterReturning ************
2019-03-06 17:41:20 [http-nio-8082-exec-8] DEBUG c.s.keepnote.aspectj.LoggingAspect -
				Method Name : getAllNoteByUserId
2019-03-06 17:41:20 [http-nio-8082-exec-8] DEBUG c.s.keepnote.aspectj.LoggingAspect -
				Method arguments : [rv@gmail.com]
2019-03-06 17:41:20 [http-nio-8082-exec-8] DEBUG c.s.keepnote.aspectj.LoggingAspect -
				Return Value: <200 OK,[],{}>
2019-03-06 17:41:20 [http-nio-8082-exec-8] INFO  c.s.keepnote.aspectj.LoggingAspect -
				*****************************************
2019-03-06 17:41:50 [http-nio-8082-exec-10] INFO  c.s.keepnote.aspectj.LoggingAspect -
				************Note Aspect @Before ************
2019-03-06 17:41:50 [http-nio-8082-exec-10] DEBUG c.s.keepnote.aspectj.LoggingAspect -
				Method Name : getAllNoteByUserId
2019-03-06 17:41:50 [http-nio-8082-exec-10] DEBUG c.s.keepnote.aspectj.LoggingAspect -
				Method Args : [raviegp@gmail.com]
2019-03-06 17:41:50 [http-nio-8082-exec-10] INFO  c.s.keepnote.aspectj.LoggingAspect -
				*********************************
2019-03-06 17:41:50 [http-nio-8082-exec-10] INFO  c.s.k.controller.NoteController -
				getAllNoteByUserId : STARTED 
2019-03-06 17:41:50 [http-nio-8082-exec-10] INFO  c.s.keepnote.aspectj.LoggingAspect -
				************Note Aspect @After ************
2019-03-06 17:41:50 [http-nio-8082-exec-10] DEBUG c.s.keepnote.aspectj.LoggingAspect -
				Method Name : getAllNoteByUserId
2019-03-06 17:41:50 [http-nio-8082-exec-10] DEBUG c.s.keepnote.aspectj.LoggingAspect -
				Method Args : [raviegp@gmail.com]
2019-03-06 17:41:50 [http-nio-8082-exec-10] INFO  c.s.keepnote.aspectj.LoggingAspect -
				*********************************
2019-03-06 17:41:50 [http-nio-8082-exec-10] INFO  c.s.keepnote.aspectj.LoggingAspect -
				************Note Aspect @AfterReturning ************
2019-03-06 17:41:50 [http-nio-8082-exec-10] DEBUG c.s.keepnote.aspectj.LoggingAspect -
				Method Name : getAllNoteByUserId
2019-03-06 17:41:50 [http-nio-8082-exec-10] DEBUG c.s.keepnote.aspectj.LoggingAspect -
				Method arguments : [raviegp@gmail.com]
2019-03-06 17:41:50 [http-nio-8082-exec-10] DEBUG c.s.keepnote.aspectj.LoggingAspect -
				Return Value: <200 OK,[Note{id=421250, noteTitle='n1', noteDescription='n1', noteStatus='null', noteCreationDate=Wed Mar 06 17:40:56 IST 2019, noteCreatedBy='raviegp@gmail.com', category=null, reminders=null}],{}>
2019-03-06 17:41:50 [http-nio-8082-exec-10] INFO  c.s.keepnote.aspectj.LoggingAspect -
				*****************************************
2019-03-06 17:45:01 [http-nio-8082-exec-2] INFO  c.s.keepnote.aspectj.LoggingAspect -
				************Note Aspect @Before ************
2019-03-06 17:45:01 [http-nio-8082-exec-2] DEBUG c.s.keepnote.aspectj.LoggingAspect -
				Method Name : getAllNoteByUserId
2019-03-06 17:45:01 [http-nio-8082-exec-2] DEBUG c.s.keepnote.aspectj.LoggingAspect -
				Method Args : [raviegp@gmail.com]
2019-03-06 17:45:01 [http-nio-8082-exec-2] INFO  c.s.keepnote.aspectj.LoggingAspect -
				*********************************
2019-03-06 17:45:01 [http-nio-8082-exec-2] INFO  c.s.k.controller.NoteController -
				getAllNoteByUserId : STARTED 
2019-03-06 17:45:01 [http-nio-8082-exec-2] INFO  c.s.keepnote.aspectj.LoggingAspect -
				************Note Aspect @After ************
2019-03-06 17:45:01 [http-nio-8082-exec-2] DEBUG c.s.keepnote.aspectj.LoggingAspect -
				Method Name : getAllNoteByUserId
2019-03-06 17:45:01 [http-nio-8082-exec-2] DEBUG c.s.keepnote.aspectj.LoggingAspect -
				Method Args : [raviegp@gmail.com]
2019-03-06 17:45:01 [http-nio-8082-exec-2] INFO  c.s.keepnote.aspectj.LoggingAspect -
				*********************************
2019-03-06 17:45:01 [http-nio-8082-exec-2] INFO  c.s.keepnote.aspectj.LoggingAspect -
				************Note Aspect @AfterReturning ************
2019-03-06 17:45:01 [http-nio-8082-exec-2] DEBUG c.s.keepnote.aspectj.LoggingAspect -
				Method Name : getAllNoteByUserId
2019-03-06 17:45:01 [http-nio-8082-exec-2] DEBUG c.s.keepnote.aspectj.LoggingAspect -
				Method arguments : [raviegp@gmail.com]
2019-03-06 17:45:01 [http-nio-8082-exec-2] DEBUG c.s.keepnote.aspectj.LoggingAspect -
				Return Value: <200 OK,[Note{id=421250, noteTitle='n1', noteDescription='n1', noteStatus='null', noteCreationDate=Wed Mar 06 17:40:56 IST 2019, noteCreatedBy='raviegp@gmail.com', category=null, reminders=null}],{}>
2019-03-06 17:45:01 [http-nio-8082-exec-2] INFO  c.s.keepnote.aspectj.LoggingAspect -
				*****************************************
2019-03-06 17:45:17 [http-nio-8082-exec-4] INFO  c.s.keepnote.aspectj.LoggingAspect -
				************Note Aspect @Before ************
2019-03-06 17:45:17 [http-nio-8082-exec-4] DEBUG c.s.keepnote.aspectj.LoggingAspect -
				Method Name : getAllNoteByUserId
2019-03-06 17:45:17 [http-nio-8082-exec-4] DEBUG c.s.keepnote.aspectj.LoggingAspect -
				Method Args : [raviegp@gmail.com]
2019-03-06 17:45:17 [http-nio-8082-exec-4] INFO  c.s.keepnote.aspectj.LoggingAspect -
				*********************************
2019-03-06 17:45:17 [http-nio-8082-exec-4] INFO  c.s.k.controller.NoteController -
				getAllNoteByUserId : STARTED 
2019-03-06 17:45:17 [http-nio-8082-exec-4] INFO  c.s.keepnote.aspectj.LoggingAspect -
				************Note Aspect @After ************
2019-03-06 17:45:17 [http-nio-8082-exec-4] DEBUG c.s.keepnote.aspectj.LoggingAspect -
				Method Name : getAllNoteByUserId
2019-03-06 17:45:17 [http-nio-8082-exec-4] DEBUG c.s.keepnote.aspectj.LoggingAspect -
				Method Args : [raviegp@gmail.com]
2019-03-06 17:45:17 [http-nio-8082-exec-4] INFO  c.s.keepnote.aspectj.LoggingAspect -
				*********************************
2019-03-06 17:45:17 [http-nio-8082-exec-4] INFO  c.s.keepnote.aspectj.LoggingAspect -
				************Note Aspect @AfterReturning ************
2019-03-06 17:45:17 [http-nio-8082-exec-4] DEBUG c.s.keepnote.aspectj.LoggingAspect -
				Method Name : getAllNoteByUserId
2019-03-06 17:45:17 [http-nio-8082-exec-4] DEBUG c.s.keepnote.aspectj.LoggingAspect -
				Method arguments : [raviegp@gmail.com]
2019-03-06 17:45:17 [http-nio-8082-exec-4] DEBUG c.s.keepnote.aspectj.LoggingAspect -
				Return Value: <200 OK,[Note{id=421250, noteTitle='n1', noteDescription='n1', noteStatus='null', noteCreationDate=Wed Mar 06 17:40:56 IST 2019, noteCreatedBy='raviegp@gmail.com', category=null, reminders=null}],{}>
2019-03-06 17:45:17 [http-nio-8082-exec-4] INFO  c.s.keepnote.aspectj.LoggingAspect -
				*****************************************
2019-03-06 17:45:33 [http-nio-8082-exec-6] INFO  c.s.keepnote.aspectj.LoggingAspect -
				************Note Aspect @Before ************
2019-03-06 17:45:33 [http-nio-8082-exec-6] DEBUG c.s.keepnote.aspectj.LoggingAspect -
				Method Name : getAllNoteByUserId
2019-03-06 17:45:33 [http-nio-8082-exec-6] DEBUG c.s.keepnote.aspectj.LoggingAspect -
				Method Args : [rv@gmail.com]
2019-03-06 17:45:33 [http-nio-8082-exec-6] INFO  c.s.keepnote.aspectj.LoggingAspect -
				*********************************
2019-03-06 17:45:33 [http-nio-8082-exec-6] INFO  c.s.k.controller.NoteController -
				getAllNoteByUserId : STARTED 
2019-03-06 17:45:33 [http-nio-8082-exec-6] INFO  c.s.keepnote.aspectj.LoggingAspect -
				************Note Aspect @After ************
2019-03-06 17:45:33 [http-nio-8082-exec-6] DEBUG c.s.keepnote.aspectj.LoggingAspect -
				Method Name : getAllNoteByUserId
2019-03-06 17:45:33 [http-nio-8082-exec-6] DEBUG c.s.keepnote.aspectj.LoggingAspect -
				Method Args : [rv@gmail.com]
2019-03-06 17:45:33 [http-nio-8082-exec-6] INFO  c.s.keepnote.aspectj.LoggingAspect -
				*********************************
2019-03-06 17:45:33 [http-nio-8082-exec-6] INFO  c.s.keepnote.aspectj.LoggingAspect -
				************Note Aspect @AfterReturning ************
2019-03-06 17:45:33 [http-nio-8082-exec-6] DEBUG c.s.keepnote.aspectj.LoggingAspect -
				Method Name : getAllNoteByUserId
2019-03-06 17:45:33 [http-nio-8082-exec-6] DEBUG c.s.keepnote.aspectj.LoggingAspect -
				Method arguments : [rv@gmail.com]
2019-03-06 17:45:33 [http-nio-8082-exec-6] DEBUG c.s.keepnote.aspectj.LoggingAspect -
				Return Value: <200 OK,[],{}>
2019-03-06 17:45:33 [http-nio-8082-exec-6] INFO  c.s.keepnote.aspectj.LoggingAspect -
				*****************************************
2019-03-06 17:45:46 [http-nio-8082-exec-8] INFO  c.s.keepnote.aspectj.LoggingAspect -
				************Note Aspect @Before ************
2019-03-06 17:45:46 [http-nio-8082-exec-8] DEBUG c.s.keepnote.aspectj.LoggingAspect -
				Method Name : getAllNoteByUserId
2019-03-06 17:45:46 [http-nio-8082-exec-8] DEBUG c.s.keepnote.aspectj.LoggingAspect -
				Method Args : [raviegp@gmail.com]
2019-03-06 17:45:46 [http-nio-8082-exec-8] INFO  c.s.keepnote.aspectj.LoggingAspect -
				*********************************
2019-03-06 17:45:46 [http-nio-8082-exec-8] INFO  c.s.k.controller.NoteController -
				getAllNoteByUserId : STARTED 
2019-03-06 17:45:46 [http-nio-8082-exec-8] INFO  c.s.keepnote.aspectj.LoggingAspect -
				************Note Aspect @After ************
2019-03-06 17:45:46 [http-nio-8082-exec-8] DEBUG c.s.keepnote.aspectj.LoggingAspect -
				Method Name : getAllNoteByUserId
2019-03-06 17:45:46 [http-nio-8082-exec-8] DEBUG c.s.keepnote.aspectj.LoggingAspect -
				Method Args : [raviegp@gmail.com]
2019-03-06 17:45:46 [http-nio-8082-exec-8] INFO  c.s.keepnote.aspectj.LoggingAspect -
				*********************************
2019-03-06 17:45:46 [http-nio-8082-exec-8] INFO  c.s.keepnote.aspectj.LoggingAspect -
				************Note Aspect @AfterReturning ************
2019-03-06 17:45:46 [http-nio-8082-exec-8] DEBUG c.s.keepnote.aspectj.LoggingAspect -
				Method Name : getAllNoteByUserId
2019-03-06 17:45:46 [http-nio-8082-exec-8] DEBUG c.s.keepnote.aspectj.LoggingAspect -
				Method arguments : [raviegp@gmail.com]
2019-03-06 17:45:46 [http-nio-8082-exec-8] DEBUG c.s.keepnote.aspectj.LoggingAspect -
				Return Value: <200 OK,[Note{id=421250, noteTitle='n1', noteDescription='n1', noteStatus='null', noteCreationDate=Wed Mar 06 17:40:56 IST 2019, noteCreatedBy='raviegp@gmail.com', category=null, reminders=null}],{}>
2019-03-06 17:45:46 [http-nio-8082-exec-8] INFO  c.s.keepnote.aspectj.LoggingAspect -
				*****************************************
2019-03-06 17:50:13 [http-nio-8082-exec-10] INFO  c.s.keepnote.aspectj.LoggingAspect -
				************Note Aspect @Before ************
2019-03-06 17:50:13 [http-nio-8082-exec-10] DEBUG c.s.keepnote.aspectj.LoggingAspect -
				Method Name : getAllNoteByUserId
2019-03-06 17:50:13 [http-nio-8082-exec-10] DEBUG c.s.keepnote.aspectj.LoggingAspect -
				Method Args : [raviegp@gmail.com]
2019-03-06 17:50:13 [http-nio-8082-exec-10] INFO  c.s.keepnote.aspectj.LoggingAspect -
				*********************************
2019-03-06 17:50:13 [http-nio-8082-exec-10] INFO  c.s.k.controller.NoteController -
				getAllNoteByUserId : STARTED 
2019-03-06 17:50:13 [http-nio-8082-exec-10] INFO  c.s.keepnote.aspectj.LoggingAspect -
				************Note Aspect @After ************
2019-03-06 17:50:13 [http-nio-8082-exec-10] DEBUG c.s.keepnote.aspectj.LoggingAspect -
				Method Name : getAllNoteByUserId
2019-03-06 17:50:13 [http-nio-8082-exec-10] DEBUG c.s.keepnote.aspectj.LoggingAspect -
				Method Args : [raviegp@gmail.com]
2019-03-06 17:50:13 [http-nio-8082-exec-10] INFO  c.s.keepnote.aspectj.LoggingAspect -
				*********************************
2019-03-06 17:50:13 [http-nio-8082-exec-10] INFO  c.s.keepnote.aspectj.LoggingAspect -
				************Note Aspect @AfterReturning ************
2019-03-06 17:50:13 [http-nio-8082-exec-10] DEBUG c.s.keepnote.aspectj.LoggingAspect -
				Method Name : getAllNoteByUserId
2019-03-06 17:50:13 [http-nio-8082-exec-10] DEBUG c.s.keepnote.aspectj.LoggingAspect -
				Method arguments : [raviegp@gmail.com]
2019-03-06 17:50:13 [http-nio-8082-exec-10] DEBUG c.s.keepnote.aspectj.LoggingAspect -
				Return Value: <200 OK,[Note{id=421250, noteTitle='n1', noteDescription='n1', noteStatus='null', noteCreationDate=Wed Mar 06 17:40:56 IST 2019, noteCreatedBy='raviegp@gmail.com', category=null, reminders=null}],{}>
2019-03-06 17:50:13 [http-nio-8082-exec-10] INFO  c.s.keepnote.aspectj.LoggingAspect -
				*****************************************
2019-03-06 17:50:22 [http-nio-8082-exec-2] INFO  c.s.keepnote.aspectj.LoggingAspect -
				************Note Aspect @Before ************
2019-03-06 17:50:22 [http-nio-8082-exec-2] DEBUG c.s.keepnote.aspectj.LoggingAspect -
				Method Name : getAllNoteByUserId
2019-03-06 17:50:22 [http-nio-8082-exec-2] DEBUG c.s.keepnote.aspectj.LoggingAspect -
				Method Args : [raviegp@gmail.com]
2019-03-06 17:50:22 [http-nio-8082-exec-2] INFO  c.s.keepnote.aspectj.LoggingAspect -
				*********************************
2019-03-06 17:50:22 [http-nio-8082-exec-2] INFO  c.s.k.controller.NoteController -
				getAllNoteByUserId : STARTED 
2019-03-06 17:50:22 [http-nio-8082-exec-2] INFO  c.s.keepnote.aspectj.LoggingAspect -
				************Note Aspect @After ************
2019-03-06 17:50:22 [http-nio-8082-exec-2] DEBUG c.s.keepnote.aspectj.LoggingAspect -
				Method Name : getAllNoteByUserId
2019-03-06 17:50:22 [http-nio-8082-exec-2] DEBUG c.s.keepnote.aspectj.LoggingAspect -
				Method Args : [raviegp@gmail.com]
2019-03-06 17:50:22 [http-nio-8082-exec-2] INFO  c.s.keepnote.aspectj.LoggingAspect -
				*********************************
2019-03-06 17:50:22 [http-nio-8082-exec-2] INFO  c.s.keepnote.aspectj.LoggingAspect -
				************Note Aspect @AfterReturning ************
2019-03-06 17:50:22 [http-nio-8082-exec-2] DEBUG c.s.keepnote.aspectj.LoggingAspect -
				Method Name : getAllNoteByUserId
2019-03-06 17:50:22 [http-nio-8082-exec-2] DEBUG c.s.keepnote.aspectj.LoggingAspect -
				Method arguments : [raviegp@gmail.com]
2019-03-06 17:50:22 [http-nio-8082-exec-2] DEBUG c.s.keepnote.aspectj.LoggingAspect -
				Return Value: <200 OK,[Note{id=421250, noteTitle='n1', noteDescription='n1', noteStatus='null', noteCreationDate=Wed Mar 06 17:40:56 IST 2019, noteCreatedBy='raviegp@gmail.com', category=null, reminders=null}],{}>
2019-03-06 17:50:22 [http-nio-8082-exec-2] INFO  c.s.keepnote.aspectj.LoggingAspect -
				*****************************************
2019-03-06 17:50:31 [http-nio-8082-exec-4] INFO  c.s.keepnote.aspectj.LoggingAspect -
				************Note Aspect @Before ************
2019-03-06 17:50:31 [http-nio-8082-exec-4] DEBUG c.s.keepnote.aspectj.LoggingAspect -
				Method Name : getAllNoteByUserId
2019-03-06 17:50:31 [http-nio-8082-exec-4] DEBUG c.s.keepnote.aspectj.LoggingAspect -
				Method Args : [rv@gmail.com]
2019-03-06 17:50:31 [http-nio-8082-exec-4] INFO  c.s.keepnote.aspectj.LoggingAspect -
				*********************************
2019-03-06 17:50:31 [http-nio-8082-exec-4] INFO  c.s.k.controller.NoteController -
				getAllNoteByUserId : STARTED 
2019-03-06 17:50:31 [http-nio-8082-exec-4] INFO  c.s.keepnote.aspectj.LoggingAspect -
				************Note Aspect @After ************
2019-03-06 17:50:31 [http-nio-8082-exec-4] DEBUG c.s.keepnote.aspectj.LoggingAspect -
				Method Name : getAllNoteByUserId
2019-03-06 17:50:31 [http-nio-8082-exec-4] DEBUG c.s.keepnote.aspectj.LoggingAspect -
				Method Args : [rv@gmail.com]
2019-03-06 17:50:31 [http-nio-8082-exec-4] INFO  c.s.keepnote.aspectj.LoggingAspect -
				*********************************
2019-03-06 17:50:31 [http-nio-8082-exec-4] INFO  c.s.keepnote.aspectj.LoggingAspect -
				************Note Aspect @AfterReturning ************
2019-03-06 17:50:31 [http-nio-8082-exec-4] DEBUG c.s.keepnote.aspectj.LoggingAspect -
				Method Name : getAllNoteByUserId
2019-03-06 17:50:31 [http-nio-8082-exec-4] DEBUG c.s.keepnote.aspectj.LoggingAspect -
				Method arguments : [rv@gmail.com]
2019-03-06 17:50:31 [http-nio-8082-exec-4] DEBUG c.s.keepnote.aspectj.LoggingAspect -
				Return Value: <200 OK,[],{}>
2019-03-06 17:50:31 [http-nio-8082-exec-4] INFO  c.s.keepnote.aspectj.LoggingAspect -
				*****************************************
2019-03-06 17:50:46 [http-nio-8082-exec-6] INFO  c.s.keepnote.aspectj.LoggingAspect -
				************Note Aspect @Before ************
2019-03-06 17:50:46 [http-nio-8082-exec-6] DEBUG c.s.keepnote.aspectj.LoggingAspect -
				Method Name : getAllNoteByUserId
2019-03-06 17:50:46 [http-nio-8082-exec-6] DEBUG c.s.keepnote.aspectj.LoggingAspect -
				Method Args : [raviegp@gmail.com]
2019-03-06 17:50:46 [http-nio-8082-exec-6] INFO  c.s.keepnote.aspectj.LoggingAspect -
				*********************************
2019-03-06 17:50:46 [http-nio-8082-exec-6] INFO  c.s.k.controller.NoteController -
				getAllNoteByUserId : STARTED 
2019-03-06 17:50:46 [http-nio-8082-exec-6] INFO  c.s.keepnote.aspectj.LoggingAspect -
				************Note Aspect @After ************
2019-03-06 17:50:46 [http-nio-8082-exec-6] DEBUG c.s.keepnote.aspectj.LoggingAspect -
				Method Name : getAllNoteByUserId
2019-03-06 17:50:46 [http-nio-8082-exec-6] DEBUG c.s.keepnote.aspectj.LoggingAspect -
				Method Args : [raviegp@gmail.com]
2019-03-06 17:50:46 [http-nio-8082-exec-6] INFO  c.s.keepnote.aspectj.LoggingAspect -
				*********************************
2019-03-06 17:50:46 [http-nio-8082-exec-6] INFO  c.s.keepnote.aspectj.LoggingAspect -
				************Note Aspect @AfterReturning ************
2019-03-06 17:50:46 [http-nio-8082-exec-6] DEBUG c.s.keepnote.aspectj.LoggingAspect -
				Method Name : getAllNoteByUserId
2019-03-06 17:50:46 [http-nio-8082-exec-6] DEBUG c.s.keepnote.aspectj.LoggingAspect -
				Method arguments : [raviegp@gmail.com]
2019-03-06 17:50:46 [http-nio-8082-exec-6] DEBUG c.s.keepnote.aspectj.LoggingAspect -
				Return Value: <200 OK,[Note{id=421250, noteTitle='n1', noteDescription='n1', noteStatus='null', noteCreationDate=Wed Mar 06 17:40:56 IST 2019, noteCreatedBy='raviegp@gmail.com', category=null, reminders=null}],{}>
2019-03-06 17:50:46 [http-nio-8082-exec-6] INFO  c.s.keepnote.aspectj.LoggingAspect -
				*****************************************
2019-03-06 17:51:00 [http-nio-8082-exec-8] INFO  c.s.keepnote.aspectj.LoggingAspect -
				************Note Aspect @Before ************
2019-03-06 17:51:00 [http-nio-8082-exec-8] DEBUG c.s.keepnote.aspectj.LoggingAspect -
				Method Name : getAllNoteByUserId
2019-03-06 17:51:00 [http-nio-8082-exec-8] DEBUG c.s.keepnote.aspectj.LoggingAspect -
				Method Args : [rv@gmail.com]
2019-03-06 17:51:00 [http-nio-8082-exec-8] INFO  c.s.keepnote.aspectj.LoggingAspect -
				*********************************
2019-03-06 17:51:00 [http-nio-8082-exec-8] INFO  c.s.k.controller.NoteController -
				getAllNoteByUserId : STARTED 
2019-03-06 17:51:00 [http-nio-8082-exec-8] INFO  c.s.keepnote.aspectj.LoggingAspect -
				************Note Aspect @After ************
2019-03-06 17:51:00 [http-nio-8082-exec-8] DEBUG c.s.keepnote.aspectj.LoggingAspect -
				Method Name : getAllNoteByUserId
2019-03-06 17:51:00 [http-nio-8082-exec-8] DEBUG c.s.keepnote.aspectj.LoggingAspect -
				Method Args : [rv@gmail.com]
2019-03-06 17:51:00 [http-nio-8082-exec-8] INFO  c.s.keepnote.aspectj.LoggingAspect -
				*********************************
2019-03-06 17:51:00 [http-nio-8082-exec-8] INFO  c.s.keepnote.aspectj.LoggingAspect -
				************Note Aspect @AfterReturning ************
2019-03-06 17:51:00 [http-nio-8082-exec-8] DEBUG c.s.keepnote.aspectj.LoggingAspect -
				Method Name : getAllNoteByUserId
2019-03-06 17:51:00 [http-nio-8082-exec-8] DEBUG c.s.keepnote.aspectj.LoggingAspect -
				Method arguments : [rv@gmail.com]
2019-03-06 17:51:00 [http-nio-8082-exec-8] DEBUG c.s.keepnote.aspectj.LoggingAspect -
				Return Value: <200 OK,[],{}>
2019-03-06 17:51:00 [http-nio-8082-exec-8] INFO  c.s.keepnote.aspectj.LoggingAspect -
				*****************************************
2019-03-06 17:52:02 [http-nio-8082-exec-10] INFO  c.s.keepnote.aspectj.LoggingAspect -
				************Note Aspect @Before ************
2019-03-06 17:52:02 [http-nio-8082-exec-10] DEBUG c.s.keepnote.aspectj.LoggingAspect -
				Method Name : getAllNoteByUserId
2019-03-06 17:52:02 [http-nio-8082-exec-10] DEBUG c.s.keepnote.aspectj.LoggingAspect -
				Method Args : [rv@gmail.com]
2019-03-06 17:52:02 [http-nio-8082-exec-10] INFO  c.s.keepnote.aspectj.LoggingAspect -
				*********************************
2019-03-06 17:52:02 [http-nio-8082-exec-10] INFO  c.s.k.controller.NoteController -
				getAllNoteByUserId : STARTED 
2019-03-06 17:52:02 [http-nio-8082-exec-10] INFO  c.s.keepnote.aspectj.LoggingAspect -
				************Note Aspect @After ************
2019-03-06 17:52:02 [http-nio-8082-exec-10] DEBUG c.s.keepnote.aspectj.LoggingAspect -
				Method Name : getAllNoteByUserId
2019-03-06 17:52:02 [http-nio-8082-exec-10] DEBUG c.s.keepnote.aspectj.LoggingAspect -
				Method Args : [rv@gmail.com]
2019-03-06 17:52:02 [http-nio-8082-exec-10] INFO  c.s.keepnote.aspectj.LoggingAspect -
				*********************************
2019-03-06 17:52:02 [http-nio-8082-exec-10] INFO  c.s.keepnote.aspectj.LoggingAspect -
				************Note Aspect @AfterReturning ************
2019-03-06 17:52:02 [http-nio-8082-exec-10] DEBUG c.s.keepnote.aspectj.LoggingAspect -
				Method Name : getAllNoteByUserId
2019-03-06 17:52:02 [http-nio-8082-exec-10] DEBUG c.s.keepnote.aspectj.LoggingAspect -
				Method arguments : [rv@gmail.com]
2019-03-06 17:52:02 [http-nio-8082-exec-10] DEBUG c.s.keepnote.aspectj.LoggingAspect -
				Return Value: <200 OK,[],{}>
2019-03-06 17:52:02 [http-nio-8082-exec-10] INFO  c.s.keepnote.aspectj.LoggingAspect -
				*****************************************
2019-03-06 17:52:15 [http-nio-8082-exec-2] INFO  c.s.keepnote.aspectj.LoggingAspect -
				************Note Aspect @Before ************
2019-03-06 17:52:15 [http-nio-8082-exec-2] DEBUG c.s.keepnote.aspectj.LoggingAspect -
				Method Name : getAllNoteByUserId
2019-03-06 17:52:15 [http-nio-8082-exec-2] DEBUG c.s.keepnote.aspectj.LoggingAspect -
				Method Args : [raviegp@gmail.com]
2019-03-06 17:52:15 [http-nio-8082-exec-2] INFO  c.s.keepnote.aspectj.LoggingAspect -
				*********************************
2019-03-06 17:52:15 [http-nio-8082-exec-2] INFO  c.s.k.controller.NoteController -
				getAllNoteByUserId : STARTED 
2019-03-06 17:52:15 [http-nio-8082-exec-2] INFO  c.s.keepnote.aspectj.LoggingAspect -
				************Note Aspect @After ************
2019-03-06 17:52:15 [http-nio-8082-exec-2] DEBUG c.s.keepnote.aspectj.LoggingAspect -
				Method Name : getAllNoteByUserId
2019-03-06 17:52:15 [http-nio-8082-exec-2] DEBUG c.s.keepnote.aspectj.LoggingAspect -
				Method Args : [raviegp@gmail.com]
2019-03-06 17:52:15 [http-nio-8082-exec-2] INFO  c.s.keepnote.aspectj.LoggingAspect -
				*********************************
2019-03-06 17:52:15 [http-nio-8082-exec-2] INFO  c.s.keepnote.aspectj.LoggingAspect -
				************Note Aspect @AfterReturning ************
2019-03-06 17:52:15 [http-nio-8082-exec-2] DEBUG c.s.keepnote.aspectj.LoggingAspect -
				Method Name : getAllNoteByUserId
2019-03-06 17:52:15 [http-nio-8082-exec-2] DEBUG c.s.keepnote.aspectj.LoggingAspect -
				Method arguments : [raviegp@gmail.com]
2019-03-06 17:52:15 [http-nio-8082-exec-2] DEBUG c.s.keepnote.aspectj.LoggingAspect -
				Return Value: <200 OK,[Note{id=421250, noteTitle='n1', noteDescription='n1', noteStatus='null', noteCreationDate=Wed Mar 06 17:40:56 IST 2019, noteCreatedBy='raviegp@gmail.com', category=null, reminders=null}],{}>
2019-03-06 17:52:15 [http-nio-8082-exec-2] INFO  c.s.keepnote.aspectj.LoggingAspect -
				*****************************************
2019-03-06 17:52:24 [http-nio-8082-exec-4] INFO  c.s.keepnote.aspectj.LoggingAspect -
				************Note Aspect @Before ************
2019-03-06 17:52:24 [http-nio-8082-exec-4] DEBUG c.s.keepnote.aspectj.LoggingAspect -
				Method Name : getAllNoteByUserId
2019-03-06 17:52:24 [http-nio-8082-exec-4] DEBUG c.s.keepnote.aspectj.LoggingAspect -
				Method Args : [rv@gmail.com]
2019-03-06 17:52:24 [http-nio-8082-exec-4] INFO  c.s.keepnote.aspectj.LoggingAspect -
				*********************************
2019-03-06 17:52:24 [http-nio-8082-exec-4] INFO  c.s.k.controller.NoteController -
				getAllNoteByUserId : STARTED 
2019-03-06 17:52:24 [http-nio-8082-exec-4] INFO  c.s.keepnote.aspectj.LoggingAspect -
				************Note Aspect @After ************
2019-03-06 17:52:24 [http-nio-8082-exec-4] DEBUG c.s.keepnote.aspectj.LoggingAspect -
				Method Name : getAllNoteByUserId
2019-03-06 17:52:24 [http-nio-8082-exec-4] DEBUG c.s.keepnote.aspectj.LoggingAspect -
				Method Args : [rv@gmail.com]
2019-03-06 17:52:24 [http-nio-8082-exec-4] INFO  c.s.keepnote.aspectj.LoggingAspect -
				*********************************
2019-03-06 17:52:24 [http-nio-8082-exec-4] INFO  c.s.keepnote.aspectj.LoggingAspect -
				************Note Aspect @AfterReturning ************
2019-03-06 17:52:24 [http-nio-8082-exec-4] DEBUG c.s.keepnote.aspectj.LoggingAspect -
				Method Name : getAllNoteByUserId
2019-03-06 17:52:24 [http-nio-8082-exec-4] DEBUG c.s.keepnote.aspectj.LoggingAspect -
				Method arguments : [rv@gmail.com]
2019-03-06 17:52:24 [http-nio-8082-exec-4] DEBUG c.s.keepnote.aspectj.LoggingAspect -
				Return Value: <200 OK,[],{}>
2019-03-06 17:52:24 [http-nio-8082-exec-4] INFO  c.s.keepnote.aspectj.LoggingAspect -
				*****************************************
2019-03-06 17:52:34 [http-nio-8082-exec-6] INFO  c.s.keepnote.aspectj.LoggingAspect -
				************Note Aspect @Before ************
2019-03-06 17:52:34 [http-nio-8082-exec-6] DEBUG c.s.keepnote.aspectj.LoggingAspect -
				Method Name : getAllNoteByUserId
2019-03-06 17:52:34 [http-nio-8082-exec-6] DEBUG c.s.keepnote.aspectj.LoggingAspect -
				Method Args : [raviegp@gmail.com]
2019-03-06 17:52:34 [http-nio-8082-exec-6] INFO  c.s.keepnote.aspectj.LoggingAspect -
				*********************************
2019-03-06 17:52:34 [http-nio-8082-exec-6] INFO  c.s.k.controller.NoteController -
				getAllNoteByUserId : STARTED 
2019-03-06 17:52:34 [http-nio-8082-exec-6] INFO  c.s.keepnote.aspectj.LoggingAspect -
				************Note Aspect @After ************
2019-03-06 17:52:34 [http-nio-8082-exec-6] DEBUG c.s.keepnote.aspectj.LoggingAspect -
				Method Name : getAllNoteByUserId
2019-03-06 17:52:34 [http-nio-8082-exec-6] DEBUG c.s.keepnote.aspectj.LoggingAspect -
				Method Args : [raviegp@gmail.com]
2019-03-06 17:52:34 [http-nio-8082-exec-6] INFO  c.s.keepnote.aspectj.LoggingAspect -
				*********************************
2019-03-06 17:52:34 [http-nio-8082-exec-6] INFO  c.s.keepnote.aspectj.LoggingAspect -
				************Note Aspect @AfterReturning ************
2019-03-06 17:52:34 [http-nio-8082-exec-6] DEBUG c.s.keepnote.aspectj.LoggingAspect -
				Method Name : getAllNoteByUserId
2019-03-06 17:52:34 [http-nio-8082-exec-6] DEBUG c.s.keepnote.aspectj.LoggingAspect -
				Method arguments : [raviegp@gmail.com]
2019-03-06 17:52:34 [http-nio-8082-exec-6] DEBUG c.s.keepnote.aspectj.LoggingAspect -
				Return Value: <200 OK,[Note{id=421250, noteTitle='n1', noteDescription='n1', noteStatus='null', noteCreationDate=Wed Mar 06 17:40:56 IST 2019, noteCreatedBy='raviegp@gmail.com', category=null, reminders=null}],{}>
2019-03-06 17:52:34 [http-nio-8082-exec-6] INFO  c.s.keepnote.aspectj.LoggingAspect -
				*****************************************
2019-03-06 17:52:38 [http-nio-8082-exec-7] INFO  c.s.keepnote.aspectj.LoggingAspect -
				************Note Aspect @Before ************
2019-03-06 17:52:38 [http-nio-8082-exec-7] DEBUG c.s.keepnote.aspectj.LoggingAspect -
				Method Name : getAllNoteByUserId
2019-03-06 17:52:38 [http-nio-8082-exec-7] DEBUG c.s.keepnote.aspectj.LoggingAspect -
				Method Args : [raviegp@gmail.com]
2019-03-06 17:52:38 [http-nio-8082-exec-7] INFO  c.s.keepnote.aspectj.LoggingAspect -
				*********************************
2019-03-06 17:52:38 [http-nio-8082-exec-7] INFO  c.s.k.controller.NoteController -
				getAllNoteByUserId : STARTED 
2019-03-06 17:52:38 [http-nio-8082-exec-7] INFO  c.s.keepnote.aspectj.LoggingAspect -
				************Note Aspect @After ************
2019-03-06 17:52:38 [http-nio-8082-exec-7] DEBUG c.s.keepnote.aspectj.LoggingAspect -
				Method Name : getAllNoteByUserId
2019-03-06 17:52:38 [http-nio-8082-exec-7] DEBUG c.s.keepnote.aspectj.LoggingAspect -
				Method Args : [raviegp@gmail.com]
2019-03-06 17:52:38 [http-nio-8082-exec-7] INFO  c.s.keepnote.aspectj.LoggingAspect -
				*********************************
2019-03-06 17:52:38 [http-nio-8082-exec-7] INFO  c.s.keepnote.aspectj.LoggingAspect -
				************Note Aspect @AfterReturning ************
2019-03-06 17:52:38 [http-nio-8082-exec-7] DEBUG c.s.keepnote.aspectj.LoggingAspect -
				Method Name : getAllNoteByUserId
2019-03-06 17:52:38 [http-nio-8082-exec-7] DEBUG c.s.keepnote.aspectj.LoggingAspect -
				Method arguments : [raviegp@gmail.com]
2019-03-06 17:52:38 [http-nio-8082-exec-7] DEBUG c.s.keepnote.aspectj.LoggingAspect -
				Return Value: <200 OK,[Note{id=421250, noteTitle='n1', noteDescription='n1', noteStatus='null', noteCreationDate=Wed Mar 06 17:40:56 IST 2019, noteCreatedBy='raviegp@gmail.com', category=null, reminders=null}],{}>
2019-03-06 17:52:38 [http-nio-8082-exec-7] INFO  c.s.keepnote.aspectj.LoggingAspect -
				*****************************************
2019-03-06 17:52:45 [http-nio-8082-exec-9] INFO  c.s.keepnote.aspectj.LoggingAspect -
				************Note Aspect @Before ************
2019-03-06 17:52:45 [http-nio-8082-exec-9] DEBUG c.s.keepnote.aspectj.LoggingAspect -
				Method Name : getAllNoteByUserId
2019-03-06 17:52:45 [http-nio-8082-exec-9] DEBUG c.s.keepnote.aspectj.LoggingAspect -
				Method Args : [raviegp@gmail.com]
2019-03-06 17:52:45 [http-nio-8082-exec-9] INFO  c.s.keepnote.aspectj.LoggingAspect -
				*********************************
2019-03-06 17:52:45 [http-nio-8082-exec-9] INFO  c.s.k.controller.NoteController -
				getAllNoteByUserId : STARTED 
2019-03-06 17:52:45 [http-nio-8082-exec-9] INFO  c.s.keepnote.aspectj.LoggingAspect -
				************Note Aspect @After ************
2019-03-06 17:52:45 [http-nio-8082-exec-9] DEBUG c.s.keepnote.aspectj.LoggingAspect -
				Method Name : getAllNoteByUserId
2019-03-06 17:52:45 [http-nio-8082-exec-9] DEBUG c.s.keepnote.aspectj.LoggingAspect -
				Method Args : [raviegp@gmail.com]
2019-03-06 17:52:45 [http-nio-8082-exec-9] INFO  c.s.keepnote.aspectj.LoggingAspect -
				*********************************
2019-03-06 17:52:45 [http-nio-8082-exec-9] INFO  c.s.keepnote.aspectj.LoggingAspect -
				************Note Aspect @AfterReturning ************
2019-03-06 17:52:45 [http-nio-8082-exec-9] DEBUG c.s.keepnote.aspectj.LoggingAspect -
				Method Name : getAllNoteByUserId
2019-03-06 17:52:45 [http-nio-8082-exec-9] DEBUG c.s.keepnote.aspectj.LoggingAspect -
				Method arguments : [raviegp@gmail.com]
2019-03-06 17:52:45 [http-nio-8082-exec-9] DEBUG c.s.keepnote.aspectj.LoggingAspect -
				Return Value: <200 OK,[Note{id=421250, noteTitle='n1', noteDescription='n1', noteStatus='null', noteCreationDate=Wed Mar 06 17:40:56 IST 2019, noteCreatedBy='raviegp@gmail.com', category=null, reminders=null}],{}>
2019-03-06 17:52:45 [http-nio-8082-exec-9] INFO  c.s.keepnote.aspectj.LoggingAspect -
				*****************************************
2019-03-06 17:57:23 [http-nio-8082-exec-2] INFO  c.s.keepnote.aspectj.LoggingAspect -
				************Note Aspect @Before ************
2019-03-06 17:57:23 [http-nio-8082-exec-2] DEBUG c.s.keepnote.aspectj.LoggingAspect -
				Method Name : deleteNote
2019-03-06 17:57:23 [http-nio-8082-exec-2] DEBUG c.s.keepnote.aspectj.LoggingAspect -
				Method Args : [raviegp@gmail.com, 421250]
2019-03-06 17:57:23 [http-nio-8082-exec-2] INFO  c.s.keepnote.aspectj.LoggingAspect -
				*********************************
2019-03-06 17:57:23 [http-nio-8082-exec-2] INFO  c.s.k.controller.NoteController -
				deleteNote : STARTED 
2019-03-06 17:57:23 [http-nio-8082-exec-2] INFO  c.s.keepnote.aspectj.LoggingAspect -
				************Note Aspect @After ************
2019-03-06 17:57:23 [http-nio-8082-exec-2] DEBUG c.s.keepnote.aspectj.LoggingAspect -
				Method Name : deleteNote
2019-03-06 17:57:23 [http-nio-8082-exec-2] DEBUG c.s.keepnote.aspectj.LoggingAspect -
				Method Args : [raviegp@gmail.com, 421250]
2019-03-06 17:57:23 [http-nio-8082-exec-2] INFO  c.s.keepnote.aspectj.LoggingAspect -
				*********************************
2019-03-06 17:57:23 [http-nio-8082-exec-2] INFO  c.s.keepnote.aspectj.LoggingAspect -
				************Note Aspect @AfterReturning ************
2019-03-06 17:57:23 [http-nio-8082-exec-2] DEBUG c.s.keepnote.aspectj.LoggingAspect -
				Method Name : deleteNote
2019-03-06 17:57:23 [http-nio-8082-exec-2] DEBUG c.s.keepnote.aspectj.LoggingAspect -
				Method arguments : [raviegp@gmail.com, 421250]
2019-03-06 17:57:23 [http-nio-8082-exec-2] DEBUG c.s.keepnote.aspectj.LoggingAspect -
				Return Value: <200 OK,{}>
2019-03-06 17:57:23 [http-nio-8082-exec-2] INFO  c.s.keepnote.aspectj.LoggingAspect -
				*****************************************
2019-03-06 17:57:27 [http-nio-8082-exec-3] INFO  c.s.keepnote.aspectj.LoggingAspect -
				************Note Aspect @Before ************
2019-03-06 17:57:27 [http-nio-8082-exec-3] DEBUG c.s.keepnote.aspectj.LoggingAspect -
				Method Name : getAllNoteByUserId
2019-03-06 17:57:27 [http-nio-8082-exec-3] DEBUG c.s.keepnote.aspectj.LoggingAspect -
				Method Args : [raviegp@gmail.com]
2019-03-06 17:57:27 [http-nio-8082-exec-3] INFO  c.s.keepnote.aspectj.LoggingAspect -
				*********************************
2019-03-06 17:57:27 [http-nio-8082-exec-3] INFO  c.s.k.controller.NoteController -
				getAllNoteByUserId : STARTED 
2019-03-06 17:57:27 [http-nio-8082-exec-3] INFO  c.s.keepnote.aspectj.LoggingAspect -
				************Note Aspect @After ************
2019-03-06 17:57:27 [http-nio-8082-exec-3] DEBUG c.s.keepnote.aspectj.LoggingAspect -
				Method Name : getAllNoteByUserId
2019-03-06 17:57:27 [http-nio-8082-exec-3] DEBUG c.s.keepnote.aspectj.LoggingAspect -
				Method Args : [raviegp@gmail.com]
2019-03-06 17:57:27 [http-nio-8082-exec-3] INFO  c.s.keepnote.aspectj.LoggingAspect -
				*********************************
2019-03-06 17:57:27 [http-nio-8082-exec-3] INFO  c.s.keepnote.aspectj.LoggingAspect -
				************Note Aspect @AfterReturning ************
2019-03-06 17:57:27 [http-nio-8082-exec-3] DEBUG c.s.keepnote.aspectj.LoggingAspect -
				Method Name : getAllNoteByUserId
2019-03-06 17:57:27 [http-nio-8082-exec-3] DEBUG c.s.keepnote.aspectj.LoggingAspect -
				Method arguments : [raviegp@gmail.com]
2019-03-06 17:57:27 [http-nio-8082-exec-3] DEBUG c.s.keepnote.aspectj.LoggingAspect -
				Return Value: <200 OK,[],{}>
2019-03-06 17:57:27 [http-nio-8082-exec-3] INFO  c.s.keepnote.aspectj.LoggingAspect -
				*****************************************
2019-03-06 17:57:40 [http-nio-8082-exec-5] INFO  c.s.keepnote.aspectj.LoggingAspect -
				************Note Aspect @Before ************
2019-03-06 17:57:40 [http-nio-8082-exec-5] DEBUG c.s.keepnote.aspectj.LoggingAspect -
				Method Name : getAllNoteByUserId
2019-03-06 17:57:40 [http-nio-8082-exec-5] DEBUG c.s.keepnote.aspectj.LoggingAspect -
				Method Args : [raviegp@gmail.com]
2019-03-06 17:57:40 [http-nio-8082-exec-5] INFO  c.s.keepnote.aspectj.LoggingAspect -
				*********************************
2019-03-06 17:57:40 [http-nio-8082-exec-5] INFO  c.s.k.controller.NoteController -
				getAllNoteByUserId : STARTED 
2019-03-06 17:57:40 [http-nio-8082-exec-5] INFO  c.s.keepnote.aspectj.LoggingAspect -
				************Note Aspect @After ************
2019-03-06 17:57:40 [http-nio-8082-exec-5] DEBUG c.s.keepnote.aspectj.LoggingAspect -
				Method Name : getAllNoteByUserId
2019-03-06 17:57:40 [http-nio-8082-exec-5] DEBUG c.s.keepnote.aspectj.LoggingAspect -
				Method Args : [raviegp@gmail.com]
2019-03-06 17:57:40 [http-nio-8082-exec-5] INFO  c.s.keepnote.aspectj.LoggingAspect -
				*********************************
2019-03-06 17:57:40 [http-nio-8082-exec-5] INFO  c.s.keepnote.aspectj.LoggingAspect -
				************Note Aspect @AfterReturning ************
2019-03-06 17:57:40 [http-nio-8082-exec-5] DEBUG c.s.keepnote.aspectj.LoggingAspect -
				Method Name : getAllNoteByUserId
2019-03-06 17:57:40 [http-nio-8082-exec-5] DEBUG c.s.keepnote.aspectj.LoggingAspect -
				Method arguments : [raviegp@gmail.com]
2019-03-06 17:57:40 [http-nio-8082-exec-5] DEBUG c.s.keepnote.aspectj.LoggingAspect -
				Return Value: <200 OK,[],{}>
2019-03-06 17:57:40 [http-nio-8082-exec-5] INFO  c.s.keepnote.aspectj.LoggingAspect -
				*****************************************
2019-03-06 17:57:46 [http-nio-8082-exec-8] INFO  c.s.keepnote.aspectj.LoggingAspect -
				************Note Aspect @Before ************
2019-03-06 17:57:46 [http-nio-8082-exec-8] DEBUG c.s.keepnote.aspectj.LoggingAspect -
				Method Name : addNote
2019-03-06 17:57:46 [http-nio-8082-exec-8] DEBUG c.s.keepnote.aspectj.LoggingAspect -
				Method Args : [Note{id=893980, noteTitle='c vcx', noteDescription='xcvxc', noteStatus='null', noteCreationDate=null, noteCreatedBy='raviegp@gmail.com', category=null, reminders=null}]
2019-03-06 17:57:46 [http-nio-8082-exec-8] INFO  c.s.keepnote.aspectj.LoggingAspect -
				*********************************
2019-03-06 17:57:46 [http-nio-8082-exec-8] INFO  c.s.k.controller.NoteController -
				createNote : STARTED 
2019-03-06 17:57:46 [http-nio-8082-exec-8] INFO  c.s.k.controller.NoteController -
				Note created successfully..... 
2019-03-06 17:57:46 [http-nio-8082-exec-8] INFO  c.s.keepnote.aspectj.LoggingAspect -
				************Note Aspect @After ************
2019-03-06 17:57:46 [http-nio-8082-exec-8] DEBUG c.s.keepnote.aspectj.LoggingAspect -
				Method Name : addNote
2019-03-06 17:57:46 [http-nio-8082-exec-8] DEBUG c.s.keepnote.aspectj.LoggingAspect -
				Method Args : [Note{id=893980, noteTitle='c vcx', noteDescription='xcvxc', noteStatus='null', noteCreationDate=Wed Mar 06 17:57:46 IST 2019, noteCreatedBy='raviegp@gmail.com', category=null, reminders=null}]
2019-03-06 17:57:46 [http-nio-8082-exec-8] INFO  c.s.keepnote.aspectj.LoggingAspect -
				*********************************
2019-03-06 17:57:46 [http-nio-8082-exec-8] INFO  c.s.keepnote.aspectj.LoggingAspect -
				************Note Aspect @AfterReturning ************
2019-03-06 17:57:46 [http-nio-8082-exec-8] DEBUG c.s.keepnote.aspectj.LoggingAspect -
				Method Name : addNote
2019-03-06 17:57:46 [http-nio-8082-exec-8] DEBUG c.s.keepnote.aspectj.LoggingAspect -
				Method arguments : [Note{id=893980, noteTitle='c vcx', noteDescription='xcvxc', noteStatus='null', noteCreationDate=Wed Mar 06 17:57:46 IST 2019, noteCreatedBy='raviegp@gmail.com', category=null, reminders=null}]
2019-03-06 17:57:46 [http-nio-8082-exec-8] DEBUG c.s.keepnote.aspectj.LoggingAspect -
				Return Value: <201 Created,Note{id=893980, noteTitle='c vcx', noteDescription='xcvxc', noteStatus='null', noteCreationDate=Wed Mar 06 17:57:46 IST 2019, noteCreatedBy='raviegp@gmail.com', category=null, reminders=null},{}>
2019-03-06 17:57:46 [http-nio-8082-exec-8] INFO  c.s.keepnote.aspectj.LoggingAspect -
				*****************************************
2019-03-06 17:57:51 [http-nio-8082-exec-1] INFO  c.s.keepnote.aspectj.LoggingAspect -
				************Note Aspect @Before ************
2019-03-06 17:57:51 [http-nio-8082-exec-1] DEBUG c.s.keepnote.aspectj.LoggingAspect -
				Method Name : updateNote
2019-03-06 17:57:51 [http-nio-8082-exec-1] DEBUG c.s.keepnote.aspectj.LoggingAspect -
				Method Args : [raviegp@gmail.com, 893980, Note{id=893980, noteTitle='yuuuuu', noteDescription='xcvxc', noteStatus='null', noteCreationDate=null, noteCreatedBy='null', category=null, reminders=null}]
2019-03-06 17:57:51 [http-nio-8082-exec-1] INFO  c.s.keepnote.aspectj.LoggingAspect -
				*********************************
2019-03-06 17:57:51 [http-nio-8082-exec-1] INFO  c.s.k.controller.NoteController -
				updateNote : STARTED 
2019-03-06 17:57:51 [http-nio-8082-exec-1] INFO  c.s.keepnote.aspectj.LoggingAspect -
				************Note Aspect @After ************
2019-03-06 17:57:51 [http-nio-8082-exec-1] DEBUG c.s.keepnote.aspectj.LoggingAspect -
				Method Name : updateNote
2019-03-06 17:57:51 [http-nio-8082-exec-1] DEBUG c.s.keepnote.aspectj.LoggingAspect -
				Method Args : [raviegp@gmail.com, 893980, Note{id=893980, noteTitle='yuuuuu', noteDescription='xcvxc', noteStatus='null', noteCreationDate=null, noteCreatedBy='null', category=null, reminders=null}]
2019-03-06 17:57:51 [http-nio-8082-exec-1] INFO  c.s.keepnote.aspectj.LoggingAspect -
				*********************************
2019-03-06 17:57:51 [http-nio-8082-exec-1] INFO  c.s.keepnote.aspectj.LoggingAspect -
				************Note Aspect @AfterReturning ************
2019-03-06 17:57:51 [http-nio-8082-exec-1] DEBUG c.s.keepnote.aspectj.LoggingAspect -
				Method Name : updateNote
2019-03-06 17:57:51 [http-nio-8082-exec-1] DEBUG c.s.keepnote.aspectj.LoggingAspect -
				Method arguments : [raviegp@gmail.com, 893980, Note{id=893980, noteTitle='yuuuuu', noteDescription='xcvxc', noteStatus='null', noteCreationDate=null, noteCreatedBy='null', category=null, reminders=null}]
2019-03-06 17:57:51 [http-nio-8082-exec-1] DEBUG c.s.keepnote.aspectj.LoggingAspect -
				Return Value: <200 OK,Note{id=893980, noteTitle='yuuuuu', noteDescription='xcvxc', noteStatus='null', noteCreationDate=Wed Mar 06 17:57:46 IST 2019, noteCreatedBy='raviegp@gmail.com', category=null, reminders=null},{}>
2019-03-06 17:57:51 [http-nio-8082-exec-1] INFO  c.s.keepnote.aspectj.LoggingAspect -
				*****************************************
2019-03-06 17:58:44 [http-nio-8082-exec-3] INFO  c.s.keepnote.aspectj.LoggingAspect -
				************Note Aspect @Before ************
2019-03-06 17:58:44 [http-nio-8082-exec-3] DEBUG c.s.keepnote.aspectj.LoggingAspect -
				Method Name : getAllNoteByUserId
2019-03-06 17:58:44 [http-nio-8082-exec-3] DEBUG c.s.keepnote.aspectj.LoggingAspect -
				Method Args : [raviegp@gmail.com]
2019-03-06 17:58:44 [http-nio-8082-exec-3] INFO  c.s.keepnote.aspectj.LoggingAspect -
				*********************************
2019-03-06 17:58:44 [http-nio-8082-exec-3] INFO  c.s.k.controller.NoteController -
				getAllNoteByUserId : STARTED 
2019-03-06 17:58:44 [http-nio-8082-exec-3] INFO  c.s.keepnote.aspectj.LoggingAspect -
				************Note Aspect @After ************
2019-03-06 17:58:44 [http-nio-8082-exec-3] DEBUG c.s.keepnote.aspectj.LoggingAspect -
				Method Name : getAllNoteByUserId
2019-03-06 17:58:44 [http-nio-8082-exec-3] DEBUG c.s.keepnote.aspectj.LoggingAspect -
				Method Args : [raviegp@gmail.com]
2019-03-06 17:58:44 [http-nio-8082-exec-3] INFO  c.s.keepnote.aspectj.LoggingAspect -
				*********************************
2019-03-06 17:58:44 [http-nio-8082-exec-3] INFO  c.s.keepnote.aspectj.LoggingAspect -
				************Note Aspect @AfterReturning ************
2019-03-06 17:58:44 [http-nio-8082-exec-3] DEBUG c.s.keepnote.aspectj.LoggingAspect -
				Method Name : getAllNoteByUserId
2019-03-06 17:58:44 [http-nio-8082-exec-3] DEBUG c.s.keepnote.aspectj.LoggingAspect -
				Method arguments : [raviegp@gmail.com]
2019-03-06 17:58:44 [http-nio-8082-exec-3] DEBUG c.s.keepnote.aspectj.LoggingAspect -
				Return Value: <200 OK,[Note{id=893980, noteTitle='yuuuuu', noteDescription='xcvxc', noteStatus='null', noteCreationDate=Wed Mar 06 17:57:46 IST 2019, noteCreatedBy='raviegp@gmail.com', category=null, reminders=null}],{}>
2019-03-06 17:58:44 [http-nio-8082-exec-3] INFO  c.s.keepnote.aspectj.LoggingAspect -
				*****************************************
2019-03-06 18:05:51 [http-nio-8082-exec-5] INFO  c.s.keepnote.aspectj.LoggingAspect -
				************Note Aspect @Before ************
2019-03-06 18:05:51 [http-nio-8082-exec-5] DEBUG c.s.keepnote.aspectj.LoggingAspect -
				Method Name : getAllNoteByUserId
2019-03-06 18:05:51 [http-nio-8082-exec-5] DEBUG c.s.keepnote.aspectj.LoggingAspect -
				Method Args : [raviegp@gmail.com]
2019-03-06 18:05:51 [http-nio-8082-exec-5] INFO  c.s.keepnote.aspectj.LoggingAspect -
				*********************************
2019-03-06 18:05:51 [http-nio-8082-exec-5] INFO  c.s.k.controller.NoteController -
				getAllNoteByUserId : STARTED 
2019-03-06 18:05:51 [http-nio-8082-exec-5] INFO  c.s.keepnote.aspectj.LoggingAspect -
				************Note Aspect @After ************
2019-03-06 18:05:51 [http-nio-8082-exec-5] DEBUG c.s.keepnote.aspectj.LoggingAspect -
				Method Name : getAllNoteByUserId
2019-03-06 18:05:51 [http-nio-8082-exec-5] DEBUG c.s.keepnote.aspectj.LoggingAspect -
				Method Args : [raviegp@gmail.com]
2019-03-06 18:05:51 [http-nio-8082-exec-5] INFO  c.s.keepnote.aspectj.LoggingAspect -
				*********************************
2019-03-06 18:05:51 [http-nio-8082-exec-5] INFO  c.s.keepnote.aspectj.LoggingAspect -
				************Note Aspect @AfterReturning ************
2019-03-06 18:05:51 [http-nio-8082-exec-5] DEBUG c.s.keepnote.aspectj.LoggingAspect -
				Method Name : getAllNoteByUserId
2019-03-06 18:05:51 [http-nio-8082-exec-5] DEBUG c.s.keepnote.aspectj.LoggingAspect -
				Method arguments : [raviegp@gmail.com]
2019-03-06 18:05:51 [http-nio-8082-exec-5] DEBUG c.s.keepnote.aspectj.LoggingAspect -
				Return Value: <200 OK,[Note{id=893980, noteTitle='yuuuuu', noteDescription='xcvxc', noteStatus='null', noteCreationDate=Wed Mar 06 17:57:46 IST 2019, noteCreatedBy='raviegp@gmail.com', category=null, reminders=null}],{}>
2019-03-06 18:05:51 [http-nio-8082-exec-5] INFO  c.s.keepnote.aspectj.LoggingAspect -
				*****************************************
2019-03-06 18:06:04 [http-nio-8082-exec-7] INFO  c.s.keepnote.aspectj.LoggingAspect -
				************Note Aspect @Before ************
2019-03-06 18:06:04 [http-nio-8082-exec-7] DEBUG c.s.keepnote.aspectj.LoggingAspect -
				Method Name : getAllNoteByUserId
2019-03-06 18:06:04 [http-nio-8082-exec-7] DEBUG c.s.keepnote.aspectj.LoggingAspect -
				Method Args : [rv@gmail.com]
2019-03-06 18:06:04 [http-nio-8082-exec-7] INFO  c.s.keepnote.aspectj.LoggingAspect -
				*********************************
2019-03-06 18:06:04 [http-nio-8082-exec-7] INFO  c.s.k.controller.NoteController -
				getAllNoteByUserId : STARTED 
2019-03-06 18:06:04 [http-nio-8082-exec-7] INFO  c.s.keepnote.aspectj.LoggingAspect -
				************Note Aspect @After ************
2019-03-06 18:06:04 [http-nio-8082-exec-7] DEBUG c.s.keepnote.aspectj.LoggingAspect -
				Method Name : getAllNoteByUserId
2019-03-06 18:06:04 [http-nio-8082-exec-7] DEBUG c.s.keepnote.aspectj.LoggingAspect -
				Method Args : [rv@gmail.com]
2019-03-06 18:06:04 [http-nio-8082-exec-7] INFO  c.s.keepnote.aspectj.LoggingAspect -
				*********************************
2019-03-06 18:06:04 [http-nio-8082-exec-7] INFO  c.s.keepnote.aspectj.LoggingAspect -
				************Note Aspect @AfterReturning ************
2019-03-06 18:06:04 [http-nio-8082-exec-7] DEBUG c.s.keepnote.aspectj.LoggingAspect -
				Method Name : getAllNoteByUserId
2019-03-06 18:06:04 [http-nio-8082-exec-7] DEBUG c.s.keepnote.aspectj.LoggingAspect -
				Method arguments : [rv@gmail.com]
2019-03-06 18:06:04 [http-nio-8082-exec-7] DEBUG c.s.keepnote.aspectj.LoggingAspect -
				Return Value: <200 OK,[],{}>
2019-03-06 18:06:04 [http-nio-8082-exec-7] INFO  c.s.keepnote.aspectj.LoggingAspect -
				*****************************************
2019-03-06 18:06:11 [http-nio-8082-exec-9] INFO  c.s.keepnote.aspectj.LoggingAspect -
				************Note Aspect @Before ************
2019-03-06 18:06:11 [http-nio-8082-exec-9] DEBUG c.s.keepnote.aspectj.LoggingAspect -
				Method Name : getAllNoteByUserId
2019-03-06 18:06:11 [http-nio-8082-exec-9] DEBUG c.s.keepnote.aspectj.LoggingAspect -
				Method Args : [rv@gmail.com]
2019-03-06 18:06:11 [http-nio-8082-exec-9] INFO  c.s.keepnote.aspectj.LoggingAspect -
				*********************************
2019-03-06 18:06:11 [http-nio-8082-exec-9] INFO  c.s.k.controller.NoteController -
				getAllNoteByUserId : STARTED 
2019-03-06 18:06:11 [http-nio-8082-exec-9] INFO  c.s.keepnote.aspectj.LoggingAspect -
				************Note Aspect @After ************
2019-03-06 18:06:11 [http-nio-8082-exec-9] DEBUG c.s.keepnote.aspectj.LoggingAspect -
				Method Name : getAllNoteByUserId
2019-03-06 18:06:11 [http-nio-8082-exec-9] DEBUG c.s.keepnote.aspectj.LoggingAspect -
				Method Args : [rv@gmail.com]
2019-03-06 18:06:11 [http-nio-8082-exec-9] INFO  c.s.keepnote.aspectj.LoggingAspect -
				*********************************
2019-03-06 18:06:11 [http-nio-8082-exec-9] INFO  c.s.keepnote.aspectj.LoggingAspect -
				************Note Aspect @AfterReturning ************
2019-03-06 18:06:11 [http-nio-8082-exec-9] DEBUG c.s.keepnote.aspectj.LoggingAspect -
				Method Name : getAllNoteByUserId
2019-03-06 18:06:11 [http-nio-8082-exec-9] DEBUG c.s.keepnote.aspectj.LoggingAspect -
				Method arguments : [rv@gmail.com]
2019-03-06 18:06:11 [http-nio-8082-exec-9] DEBUG c.s.keepnote.aspectj.LoggingAspect -
				Return Value: <200 OK,[],{}>
2019-03-06 18:06:11 [http-nio-8082-exec-9] INFO  c.s.keepnote.aspectj.LoggingAspect -
				*****************************************
